{"meta": {"format": 3, "version": "7.15.2", "timestamp": "2026-07-26T03:48:11.100190", "branch_coverage": true, "show_contexts": false}, "files": {"src\\tradeup\\__init__.py": {"executed_lines": [7, 9, 11], "summary": {"covered_lines": 3, "num_statements": 3, "percent_covered": 100.0, "percent_covered_display": "100", "missing_lines": 0, "excluded_lines": 0, "percent_statements_covered": 100.0, "percent_statements_covered_display": "100", "num_branches": 0, "num_partial_branches": 0, "covered_branches": 0, "missing_branches": 0, "percent_branches_covered": 100.0, "percent_branches_covered_display": "100"}, "missing_lines": [], "excluded_lines": [], "executed_branches": [], "missing_branches": [], "functions": {"": {"executed_lines": [7, 9, 11], "summary": {"covered_lines": 3, "num_statements": 3, "percent_covered": 100.0, "percent_covered_display": "100", "missing_lines": 0, "excluded_lines": 0, "percent_statements_covered": 100.0, "percent_statements_covered_display": "100", "num_branches": 0, "num_partial_branches": 0, "covered_branches": 0, "missing_branches": 0, "percent_branches_covered": 100.0, "percent_branches_covered_display": "100"}, "missing_lines": [], "excluded_lines": [], "start_line": 1, "executed_branches": [], "missing_branches": []}}, "classes": {"": {"executed_lines": [7, 9, 11], "summary": {"covered_lines": 3, "num_statements": 3, "percent_covered": 100.0, "percent_covered_display": "100", "missing_lines": 0, "excluded_lines": 0, "percent_statements_covered": 100.0, "percent_statements_covered_display": "100", "num_branches": 0, "num_partial_branches": 0, "covered_branches": 0, "missing_branches": 0, "percent_branches_covered": 100.0, "percent_branches_covered_display": "100"}, "missing_lines": [], "excluded_lines": [], "start_line": 1, "executed_branches": [], "missing_branches": []}}}, "src\\tradeup\\adapters\\__init__.py": {"executed_lines": [12], "summary": {"covered_lines": 1, "num_statements": 1, "percent_covered": 100.0, "percent_covered_display": "100", "missing_lines": 0, "excluded_lines": 0, "percent_statements_covered": 100.0, "percent_statements_covered_display": "100", "num_branches": 0, "num_partial_branches": 0, "covered_branches": 0, "missing_branches": 0, "percent_branches_covered": 100.0, "percent_branches_covered_display": "100"}, "missing_lines": [], "excluded_lines": [], "executed_branches": [], "missing_branches": [], "functions": {"": {"executed_lines": [12], "summary": {"covered_lines": 1, "num_statements": 1, "percent_covered": 100.0, "percent_covered_display": "100", "missing_lines": 0, "excluded_lines": 0, "percent_statements_covered": 100.0, "percent_statements_covered_display": "100", "num_branches": 0, "num_partial_branches": 0, "covered_branches": 0, "missing_branches": 0, "percent_branches_covered": 100.0, "percent_branches_covered_display": "100"}, "missing_lines": [], "excluded_lines": [], "start_line": 1, "executed_branches": [], "missing_branches": []}}, "classes": {"": {"executed_lines": [12], "summary": {"covered_lines": 1, "num_statements": 1, "percent_covered": 100.0, "percent_covered_display": "100", "missing_lines": 0, "excluded_lines": 0, "percent_statements_covered": 100.0, "percent_statements_covered_display": "100", "num_branches": 0, "num_partial_branches": 0, "covered_branches": 0, "missing_branches": 0, "percent_branches_covered": 100.0, "percent_branches_covered_display": "100"}, "missing_lines": [], "excluded_lines": [], "start_line": 1, "executed_branches": [], "missing_branches": []}}}, "src\\tradeup\\adapters\\base.py": {"executed_lines": [13, 15, 16, 17, 18, 20, 27, 28, 29, 30, 31, 33, 41, 42, 45, 46, 47, 48, 49, 50, 51, 52, 53, 55, 56, 60, 61, 70, 71, 72, 73, 74, 75, 76, 78, 79, 81, 83, 84, 86, 88, 89, 91, 92, 94, 95, 98, 99, 102, 103, 104, 106, 110, 121, 124, 127, 129, 130, 134, 141, 148, 150, 152, 153, 160, 167, 168, 183, 188, 193, 198, 203, 214, 221, 224, 226, 233, 235, 242], "summary": {"covered_lines": 79, "num_statements": 91, "percent_covered": 84.84848484848484, "percent_covered_display": "85", "missing_lines": 12, "excluded_lines": 0, "percent_statements_covered": 86.81318681318682, "percent_statements_covered_display": "87", "num_branches": 8, "num_partial_branches": 3, "covered_branches": 5, "missing_branches": 3, "percent_branches_covered": 62.5, "percent_branches_covered_display": "62"}, "missing_lines": [57, 107, 161, 174, 186, 191, 196, 201, 212, 215, 229, 243], "excluded_lines": [], "executed_branches": [[56, -55], [152, 153], [152, 160], [160, 167], [167, 168]], "missing_branches": [[56, 57], [160, 161], [167, 174]], "functions": {"ListingQuery.__post_init__": {"executed_lines": [56], "summary": {"covered_lines": 1, "num_statements": 2, "percent_covered": 50.0, "percent_covered_display": "50", "missing_lines": 1, "excluded_lines": 0, "percent_statements_covered": 50.0, "percent_statements_covered_display": "50", "num_branches": 2, "num_partial_branches": 1, "covered_branches": 1, "missing_branches": 1, "percent_branches_covered": 50.0, "percent_branches_covered_display": "50"}, "missing_lines": [57], "excluded_lines": [], "start_line": 55, "executed_branches": [[56, -55]], "missing_branches": [[56, 57]]}, "ListingVerification.is_active": {"executed_lines": [81], "summary": {"covered_lines": 1, "num_statements": 1, "percent_covered": 100.0, "percent_covered_display": "100", "missing_lines": 0, "excluded_lines": 0, "percent_statements_covered": 100.0, "percent_statements_covered_display": "100", "num_branches": 0, "num_partial_branches": 0, "covered_branches": 0, "missing_branches": 0, "percent_branches_covered": 100.0, "percent_branches_covered_display": "100"}, "missing_lines": [], "excluded_lines": [], "start_line": 79, "executed_branches": [], "missing_branches": []}, "ListingVerification.is_present": {"executed_lines": [86], "summary": {"covered_lines": 1, "num_statements": 1, "percent_covered": 100.0, "percent_covered_display": "100", "missing_lines": 0, "excluded_lines": 0, "percent_statements_covered": 100.0, "percent_statements_covered_display": "100", "num_branches": 0, "num_partial_branches": 0, "covered_branches": 0, "missing_branches": 0, "percent_branches_covered": 100.0, "percent_branches_covered_display": "100"}, "missing_lines": [], "excluded_lines": [], "start_line": 84, "executed_branches": [], "missing_branches": []}, "ListingVerification.price_changed_from": {"executed_lines": [89], "summary": {"covered_lines": 1, "num_statements": 1, "percent_covered": 100.0, "percent_covered_display": "100", "missing_lines": 0, "excluded_lines": 0, "percent_statements_covered": 100.0, "percent_statements_covered_display": "100", "num_branches": 0, "num_partial_branches": 0, "covered_branches": 0, "missing_branches": 0, "percent_branches_covered": 100.0, "percent_branches_covered_display": "100"}, "missing_lines": [], "excluded_lines": [], "start_line": 88, "executed_branches": [], "missing_branches": []}, "ListingVerification.float_changed_from": {"executed_lines": [92], "summary": {"covered_lines": 1, "num_statements": 1, "percent_covered": 100.0, "percent_covered_display": "100", "missing_lines": 0, "excluded_lines": 0, "percent_statements_covered": 100.0, "percent_statements_covered_display": "100", "num_branches": 0, "num_partial_branches": 0, "covered_branches": 0, "missing_branches": 0, "percent_branches_covered": 100.0, "percent_branches_covered_display": "100"}, "missing_lines": [], "excluded_lines": [], "start_line": 91, "executed_branches": [], "missing_branches": []}, "ListingVerification.identity_changed_from": {"executed_lines": [95], "summary": {"covered_lines": 1, "num_statements": 1, "percent_covered": 100.0, "percent_covered_display": "100", "missing_lines": 0, "excluded_lines": 0, "percent_statements_covered": 100.0, "percent_statements_covered_display": "100", "num_branches": 0, "num_partial_branches": 0, "covered_branches": 0, "missing_branches": 0, "percent_branches_covered": 100.0, "percent_branches_covered_display": "100"}, "missing_lines": [], "excluded_lines": [], "start_line": 94, "executed_branches": [], "missing_branches": []}, "AccountState.available": {"executed_lines": [], "summary": {"covered_lines": 0, "num_statements": 1, "percent_covered": 0.0, "percent_covered_display": "0", "missing_lines": 1, "excluded_lines": 0, "percent_statements_covered": 0.0, "percent_statements_covered_display": "0", "num_branches": 0, "num_partial_branches": 0, "covered_branches": 0, "missing_branches": 0, "percent_branches_covered": 100.0, "percent_branches_covered_display": "100"}, "missing_lines": [107], "excluded_lines": [], "start_line": 106, "executed_branches": [], "missing_branches": []}, "MarketAdapter.__init__": {"executed_lines": [130], "summary": {"covered_lines": 1, "num_statements": 1, "percent_covered": 100.0, "percent_covered_display": "100", "missing_lines": 0, "excluded_lines": 0, "percent_statements_covered": 100.0, "percent_statements_covered_display": "100", "num_branches": 0, "num_partial_branches": 0, "covered_branches": 0, "missing_branches": 0, "percent_branches_covered": 100.0, "percent_branches_covered_display": "100"}, "missing_lines": [], "excluded_lines": [], "start_line": 129, "executed_branches": [], "missing_branches": []}, "MarketAdapter._refuse": {"executed_lines": [141, 148], "summary": {"covered_lines": 2, "num_statements": 2, "percent_covered": 100.0, "percent_covered_display": "100", "missing_lines": 0, "excluded_lines": 0, "percent_statements_covered": 100.0, "percent_statements_covered_display": "100", "num_branches": 0, "num_partial_branches": 0, "covered_branches": 0, "missing_branches": 0, "percent_branches_covered": 100.0, "percent_branches_covered_display": "100"}, "missing_lines": [], "excluded_lines": [], "start_line": 134, "executed_branches": [], "missing_branches": []}, "MarketAdapter._execution_refusal": {"executed_lines": [152, 153, 160, 167, 168], "summary": {"covered_lines": 5, "num_statements": 7, "percent_covered": 69.23076923076923, "percent_covered_display": "69", "missing_lines": 2, "excluded_lines": 0, "percent_statements_covered": 71.42857142857143, "percent_statements_covered_display": "71", "num_branches": 6, "num_partial_branches": 2, "covered_branches": 4, "missing_branches": 2, "percent_branches_covered": 66.66666666666667, "percent_branches_covered_display": "67"}, "missing_lines": [161, 174], "excluded_lines": [], "start_line": 150, "executed_branches": [[152, 153], [152, 160], [160, 167], [167, 168]], "missing_branches": [[160, 161], [167, 174]]}, "MarketAdapter.fetch_listings": {"executed_lines": [], "summary": {"covered_lines": 0, "num_statements": 1, "percent_covered": 0.0, "percent_covered_display": "0", "missing_lines": 1, "excluded_lines": 0, "percent_statements_covered": 0.0, "percent_statements_covered_display": "0", "num_branches": 0, "num_partial_branches": 0, "covered_branches": 0, "missing_branches": 0, "percent_branches_covered": 100.0, "percent_branches_covered_display": "100"}, "missing_lines": [186], "excluded_lines": [], "start_line": 183, "executed_branches": [], "missing_branches": []}, "MarketAdapter.fetch_listing_by_id": {"executed_lines": [], "summary": {"covered_lines": 0, "num_statements": 1, "percent_covered": 0.0, "percent_covered_display": "0", "missing_lines": 1, "excluded_lines": 0, "percent_statements_covered": 0.0, "percent_statements_covered_display": "0", "num_branches": 0, "num_partial_branches": 0, "covered_branches": 0, "missing_branches": 0, "percent_branches_covered": 100.0, "percent_branches_covered_display": "100"}, "missing_lines": [191], "excluded_lines": [], "start_line": 188, "executed_branches": [], "missing_branches": []}, "MarketAdapter.verify_listing": {"executed_lines": [], "summary": {"covered_lines": 0, "num_statements": 1, "percent_covered": 0.0, "percent_covered_display": "0", "missing_lines": 1, "excluded_lines": 0, "percent_statements_covered": 0.0, "percent_statements_covered_display": "0", "num_branches": 0, "num_partial_branches": 0, "covered_branches": 0, "missing_branches": 0, "percent_branches_covered": 100.0, "percent_branches_covered_display": "100"}, "missing_lines": [196], "excluded_lines": [], "start_line": 193, "executed_branches": [], "missing_branches": []}, "MarketAdapter.fetch_fee_quote": {"executed_lines": [], "summary": {"covered_lines": 0, "num_statements": 1, "percent_covered": 0.0, "percent_covered_display": "0", "missing_lines": 1, "excluded_lines": 0, "percent_statements_covered": 0.0, "percent_statements_covered_display": "0", "num_branches": 0, "num_partial_branches": 0, "covered_branches": 0, "missing_branches": 0, "percent_branches_covered": 100.0, "percent_branches_covered_display": "100"}, "missing_lines": [201], "excluded_lines": [], "start_line": 198, "executed_branches": [], "missing_branches": []}, "MarketAdapter.fetch_price_reference": {"executed_lines": [], "summary": {"covered_lines": 0, "num_statements": 1, "percent_covered": 0.0, "percent_covered_display": "0", "missing_lines": 1, "excluded_lines": 0, "percent_statements_covered": 0.0, "percent_statements_covered_display": "0", "num_branches": 0, "num_partial_branches": 0, "covered_branches": 0, "missing_branches": 0, "percent_branches_covered": 100.0, "percent_branches_covered_display": "100"}, "missing_lines": [212], "excluded_lines": [], "start_line": 203, "executed_branches": [], "missing_branches": []}, "MarketAdapter.fetch_account_state": {"executed_lines": [], "summary": {"covered_lines": 0, "num_statements": 1, "percent_covered": 0.0, "percent_covered_display": "0", "missing_lines": 1, "excluded_lines": 0, "percent_statements_covered": 0.0, "percent_statements_covered_display": "0", "num_branches": 0, "num_partial_branches": 0, "covered_branches": 0, "missing_branches": 0, "percent_branches_covered": 100.0, "percent_branches_covered_display": "100"}, "missing_lines": [215], "excluded_lines": [], "start_line": 214, "executed_branches": [], "missing_branches": []}, "MarketAdapter.create_purchase_intent": {"executed_lines": [224], "summary": {"covered_lines": 1, "num_statements": 1, "percent_covered": 100.0, "percent_covered_display": "100", "missing_lines": 0, "excluded_lines": 0, "percent_statements_covered": 100.0, "percent_statements_covered_display": "100", "num_branches": 0, "num_partial_branches": 0, "covered_branches": 0, "missing_branches": 0, "percent_branches_covered": 100.0, "percent_branches_covered_display": "100"}, "missing_lines": [], "excluded_lines": [], "start_line": 221, "executed_branches": [], "missing_branches": []}, "MarketAdapter.reconcile_execution": {"executed_lines": [], "summary": {"covered_lines": 0, "num_statements": 1, "percent_covered": 0.0, "percent_covered_display": "0", "missing_lines": 1, "excluded_lines": 0, "percent_statements_covered": 0.0, "percent_statements_covered_display": "0", "num_branches": 0, "num_partial_branches": 0, "covered_branches": 0, "missing_branches": 0, "percent_branches_covered": 100.0, "percent_branches_covered_display": "100"}, "missing_lines": [229], "excluded_lines": [], "start_line": 226, "executed_branches": [], "missing_branches": []}, "MarketAdapter.describe": {"executed_lines": [235], "summary": {"covered_lines": 1, "num_statements": 1, "percent_covered": 100.0, "percent_covered_display": "100", "missing_lines": 0, "excluded_lines": 0, "percent_statements_covered": 100.0, "percent_statements_covered_display": "100", "num_branches": 0, "num_partial_branches": 0, "covered_branches": 0, "missing_branches": 0, "percent_branches_covered": 100.0, "percent_branches_covered_display": "100"}, "missing_lines": [], "excluded_lines": [], "start_line": 233, "executed_branches": [], "missing_branches": []}, "MarketAdapter.__repr__": {"executed_lines": [], "summary": {"covered_lines": 0, "num_statements": 1, "percent_covered": 0.0, "percent_covered_display": "0", "missing_lines": 1, "excluded_lines": 0, "percent_statements_covered": 0.0, "percent_statements_covered_display": "0", "num_branches": 0, "num_partial_branches": 0, "covered_branches": 0, "missing_branches": 0, "percent_branches_covered": 100.0, "percent_branches_covered_display": "100"}, "missing_lines": [243], "excluded_lines": [], "start_line": 242, "executed_branches": [], "missing_branches": []}, "": {"executed_lines": [13, 15, 16, 17, 18, 20, 27, 28, 29, 30, 31, 33, 41, 42, 45, 46, 47, 48, 49, 50, 51, 52, 53, 55, 60, 61, 70, 71, 72, 73, 74, 75, 76, 78, 79, 83, 84, 88, 91, 94, 98, 99, 102, 103, 104, 106, 110, 121, 124, 127, 129, 134, 150, 183, 188, 193, 198, 203, 214, 221, 226, 233, 242], "summary": {"covered_lines": 63, "num_statements": 63, "percent_covered": 100.0, "percent_covered_display": "100", "missing_lines": 0, "excluded_lines": 0, "percent_statements_covered": 100.0, "percent_statements_covered_display": "100", "num_branches": 0, "num_partial_branches": 0, "covered_branches": 0, "missing_branches": 0, "percent_branches_covered": 100.0, "percent_branches_covered_display": "100"}, "missing_lines": [], "excluded_lines": [], "start_line": 1, "executed_branches": [], "missing_branches": []}}, "classes": {"ListingQuery": {"executed_lines": [56], "summary": {"covered_lines": 1, "num_statements": 2, "percent_covered": 50.0, "percent_covered_display": "50", "missing_lines": 1, "excluded_lines": 0, "percent_statements_covered": 50.0, "percent_statements_covered_display": "50", "num_branches": 2, "num_partial_branches": 1, "covered_branches": 1, "missing_branches": 1, "percent_branches_covered": 50.0, "percent_branches_covered_display": "50"}, "missing_lines": [57], "excluded_lines": [], "start_line": 42, "executed_branches": [[56, -55]], "missing_branches": [[56, 57]]}, "ListingVerification": {"executed_lines": [81, 86, 89, 92, 95], "summary": {"covered_lines": 5, "num_statements": 5, "percent_covered": 100.0, "percent_covered_display": "100", "missing_lines": 0, "excluded_lines": 0, "percent_statements_covered": 100.0, "percent_statements_covered_display": "100", "num_branches": 0, "num_partial_branches": 0, "covered_branches": 0, "missing_branches": 0, "percent_branches_covered": 100.0, "percent_branches_covered_display": "100"}, "missing_lines": [], "excluded_lines": [], "start_line": 61, "executed_branches": [], "missing_branches": []}, "AccountState": {"executed_lines": [], "summary": {"covered_lines": 0, "num_statements": 1, "percent_covered": 0.0, "percent_covered_display": "0", "missing_lines": 1, "excluded_lines": 0, "percent_statements_covered": 0.0, "percent_statements_covered_display": "0", "num_branches": 0, "num_partial_branches": 0, "covered_branches": 0, "missing_branches": 0, "percent_branches_covered": 100.0, "percent_branches_covered_display": "100"}, "missing_lines": [107], "excluded_lines": [], "start_line": 99, "executed_branches": [], "missing_branches": []}, "MarketAdapter": {"executed_lines": [130, 141, 148, 152, 153, 160, 167, 168, 224, 235], "summary": {"covered_lines": 10, "num_statements": 20, "percent_covered": 53.84615384615385, "percent_covered_display": "54", "missing_lines": 10, "excluded_lines": 0, "percent_statements_covered": 50.0, "percent_statements_covered_display": "50", "num_branches": 6, "num_partial_branches": 2, "covered_branches": 4, "missing_branches": 2, "percent_branches_covered": 66.66666666666667, "percent_branches_covered_display": "67"}, "missing_lines": [161, 174, 186, 191, 196, 201, 212, 215, 229, 243], "excluded_lines": [], "start_line": 110, "executed_branches": [[152, 153], [152, 160], [160, 167], [167, 168]], "missing_branches": [[160, 161], [167, 174]]}, "": {"executed_lines": [13, 15, 16, 17, 18, 20, 27, 28, 29, 30, 31, 33, 41, 42, 45, 46, 47, 48, 49, 50, 51, 52, 53, 55, 60, 61, 70, 71, 72, 73, 74, 75, 76, 78, 79, 83, 84, 88, 91, 94, 98, 99, 102, 103, 104, 106, 110, 121, 124, 127, 129, 134, 150, 183, 188, 193, 198, 203, 214, 221, 226, 233, 242], "summary": {"covered_lines": 63, "num_statements": 63, "percent_covered": 100.0, "percent_covered_display": "100", "missing_lines": 0, "excluded_lines": 0, "percent_statements_covered": 100.0, "percent_statements_covered_display": "100", "num_branches": 0, "num_partial_branches": 0, "covered_branches": 0, "missing_branches": 0, "percent_branches_covered": 100.0, "percent_branches_covered_display": "100"}, "missing_lines": [], "excluded_lines": [], "start_line": 1, "executed_branches": [], "missing_branches": []}}}, "src\\tradeup\\adapters\\csfloat.py": {"executed_lines": [30, 32, 33, 34, 35, 37, 38, 47, 48, 49, 55, 56, 58, 60, 61, 66, 74, 75, 76, 77, 78, 86, 97, 109, 112, 115, 116, 117, 122, 133, 134, 135, 136, 137, 138, 140, 141, 142, 144, 145, 151, 153, 169, 170, 174, 175, 176, 177, 178, 179, 180, 181, 182, 183, 184, 185, 186, 191, 193, 201, 204, 205, 208, 209, 210, 214, 215, 220, 221, 224, 225, 226, 227, 228, 229, 230, 231, 232, 234, 236, 237, 238, 242, 243, 244, 245, 249, 250, 251, 252, 255, 256, 258, 259, 260, 261, 266, 289, 298, 299, 300, 308, 312, 315, 319, 321, 323, 325, 326, 327, 328, 329, 330, 331, 332, 333, 335, 345, 346, 352, 353, 354, 355, 356, 357, 358, 360, 361, 362, 363, 364, 365, 366, 369, 370, 371, 372, 373, 374, 375, 376, 377, 379, 380, 388, 389, 390, 394, 398, 402, 403, 404, 405, 406, 410, 411, 412, 413, 414, 415, 416, 417, 418, 419, 421, 424, 431, 432, 435, 436, 437, 438, 439, 441, 445, 446, 447, 448, 462, 464], "summary": {"covered_lines": 180, "num_statements": 196, "percent_covered": 89.56834532374101, "percent_covered_display": "90", "missing_lines": 16, "excluded_lines": 0, "percent_statements_covered": 91.83673469387755, "percent_statements_covered_display": "92", "num_branches": 82, "num_partial_branches": 13, "covered_branches": 69, "missing_branches": 13, "percent_branches_covered": 84.14634146341463, "percent_branches_covered_display": "84"}, "missing_lines": [79, 80, 81, 82, 202, 206, 216, 222, 253, 320, 322, 324, 408, 409, 425, 475], "excluded_lines": [], "executed_branches": [[75, 76], [75, 77], [77, 78], [169, 170], [169, 174], [175, 176], [175, 180], [176, 177], [176, 180], [177, 176], [177, 178], [180, 181], [182, 183], [182, 184], [185, 186], [185, 191], [201, 204], [205, 208], [209, 210], [209, 214], [215, 220], [221, 224], [227, 228], [227, 229], [229, 230], [229, 231], [231, 232], [231, 234], [237, 238], [237, 242], [244, 245], [244, 249], [250, 251], [250, 252], [252, 255], [260, 261], [260, 266], [319, 321], [321, 323], [323, 325], [325, 326], [325, 327], [327, 328], [327, 329], [329, 330], [329, 331], [331, 332], [331, 333], [345, 346], [345, 352], [361, 362], [361, 379], [364, 365], [364, 366], [374, 361], [374, 375], [379, 380], [379, 388], [389, 390], [389, 394], [403, 404], [410, 411], [410, 412], [414, 415], [414, 419], [424, 431], [446, 447], [446, 462], [462, 464]], "missing_branches": [[77, 79], [180, 184], [201, 202], [205, 206], [215, 216], [221, 222], [252, 253], [319, 320], [321, 322], [323, 324], [403, 408], [424, 425], [462, 475]], "functions": {"_decimal": {"executed_lines": [75, 76, 77, 78], "summary": {"covered_lines": 4, "num_statements": 8, "percent_covered": 58.333333333333336, "percent_covered_display": "58", "missing_lines": 4, "excluded_lines": 0, "percent_statements_covered": 50.0, "percent_statements_covered_display": "50", "num_branches": 4, "num_partial_branches": 1, "covered_branches": 3, "missing_branches": 1, "percent_branches_covered": 75.0, "percent_branches_covered_display": "75"}, "missing_lines": [79, 80, 81, 82], "excluded_lines": [], "start_line": 74, "executed_branches": [[75, 76], [75, 77], [77, 78]], "missing_branches": [[77, 79]]}, "CSFloatAdapter.__init__": {"executed_lines": [133, 134, 135, 136, 137, 138], "summary": {"covered_lines": 6, "num_statements": 6, "percent_covered": 100.0, "percent_covered_display": "100", "missing_lines": 0, "excluded_lines": 0, "percent_statements_covered": 100.0, "percent_statements_covered_display": "100", "num_branches": 0, "num_partial_branches": 0, "covered_branches": 0, "missing_branches": 0, "percent_branches_covered": 100.0, "percent_branches_covered_display": "100"}, "missing_lines": [], "excluded_lines": [], "start_line": 122, "executed_branches": [], "missing_branches": []}, "CSFloatAdapter.has_credentials": {"executed_lines": [142], "summary": {"covered_lines": 1, "num_statements": 1, "percent_covered": 100.0, "percent_covered_display": "100", "missing_lines": 0, "excluded_lines": 0, "percent_statements_covered": 100.0, "percent_statements_covered_display": "100", "num_branches": 0, "num_partial_branches": 0, "covered_branches": 0, "missing_branches": 0, "percent_branches_covered": 100.0, "percent_branches_covered_display": "100"}, "missing_lines": [], "excluded_lines": [], "start_line": 141, "executed_branches": [], "missing_branches": []}, "CSFloatAdapter._headers": {"executed_lines": [145], "summary": {"covered_lines": 1, "num_statements": 1, "percent_covered": 100.0, "percent_covered_display": "100", "missing_lines": 0, "excluded_lines": 0, "percent_statements_covered": 100.0, "percent_statements_covered_display": "100", "num_branches": 0, "num_partial_branches": 0, "covered_branches": 0, "missing_branches": 0, "percent_branches_covered": 100.0, "percent_branches_covered_display": "100"}, "missing_lines": [], "excluded_lines": [], "start_line": 144, "executed_branches": [], "missing_branches": []}, "CSFloatAdapter._resolve_skin": {"executed_lines": [169, 170, 174, 175, 176, 177, 178, 179, 180, 181, 182, 183, 184, 185, 186, 191], "summary": {"covered_lines": 16, "num_statements": 16, "percent_covered": 96.66666666666667, "percent_covered_display": "97", "missing_lines": 0, "excluded_lines": 0, "percent_statements_covered": 100.0, "percent_statements_covered_display": "100", "num_branches": 14, "num_partial_branches": 1, "covered_branches": 13, "missing_branches": 1, "percent_branches_covered": 92.85714285714286, "percent_branches_covered_display": "93"}, "missing_lines": [], "excluded_lines": [], "start_line": 153, "executed_branches": [[169, 170], [169, 174], [175, 176], [175, 180], [176, 177], [176, 180], [177, 176], [177, 178], [180, 181], [182, 183], [182, 184], [185, 186], [185, 191]], "missing_branches": [[180, 184]]}, "CSFloatAdapter._parse_listing": {"executed_lines": [201, 204, 205, 208, 209, 210, 214, 215, 220, 221, 224, 225, 226, 227, 228, 229, 230, 231, 232, 234, 236, 237, 238, 242, 243, 244, 245, 249, 250, 251, 252, 255, 256, 258, 259, 260, 261, 266], "summary": {"covered_lines": 38, "num_statements": 43, "percent_covered": 85.5072463768116, "percent_covered_display": "86", "missing_lines": 5, "excluded_lines": 0, "percent_statements_covered": 88.37209302325581, "percent_statements_covered_display": "88", "num_branches": 26, "num_partial_branches": 5, "covered_branches": 21, "missing_branches": 5, "percent_branches_covered": 80.76923076923077, "percent_branches_covered_display": "81"}, "missing_lines": [202, 206, 216, 222, 253], "excluded_lines": [], "start_line": 193, "executed_branches": [[201, 204], [205, 208], [209, 210], [209, 214], [215, 220], [221, 224], [227, 228], [227, 229], [229, 230], [229, 231], [231, 232], [231, 234], [237, 238], [237, 242], [244, 245], [244, 249], [250, 251], [250, 252], [252, 255], [260, 261], [260, 266]], "missing_branches": [[201, 202], [205, 206], [215, 216], [221, 222], [252, 253]]}, "CSFloatAdapter._failure": {"executed_lines": [298, 299, 300, 308], "summary": {"covered_lines": 4, "num_statements": 4, "percent_covered": 100.0, "percent_covered_display": "100", "missing_lines": 0, "excluded_lines": 0, "percent_statements_covered": 100.0, "percent_statements_covered_display": "100", "num_branches": 0, "num_partial_branches": 0, "covered_branches": 0, "missing_branches": 0, "percent_branches_covered": 100.0, "percent_branches_covered_display": "100"}, "missing_lines": [], "excluded_lines": [], "start_line": 289, "executed_branches": [], "missing_branches": []}, "CSFloatAdapter._listing_params": {"executed_lines": [315, 319, 321, 323, 325, 326, 327, 328, 329, 330, 331, 332, 333], "summary": {"covered_lines": 13, "num_statements": 16, "percent_covered": 80.0, "percent_covered_display": "80", "missing_lines": 3, "excluded_lines": 0, "percent_statements_covered": 81.25, "percent_statements_covered_display": "81", "num_branches": 14, "num_partial_branches": 3, "covered_branches": 11, "missing_branches": 3, "percent_branches_covered": 78.57142857142857, "percent_branches_covered_display": "79"}, "missing_lines": [320, 322, 324], "excluded_lines": [], "start_line": 312, "executed_branches": [[319, 321], [321, 323], [323, 325], [325, 326], [325, 327], [327, 328], [327, 329], [329, 330], [329, 331], [331, 332], [331, 333]], "missing_branches": [[319, 320], [321, 322], [323, 324]]}, "CSFloatAdapter.fetch_listings": {"executed_lines": [345, 346, 352, 353, 354, 355, 356, 357, 358, 360, 361, 362, 363, 364, 365, 366, 369, 370, 371, 372, 373, 374, 375, 376, 377, 379, 380, 388, 389, 390, 394], "summary": {"covered_lines": 31, "num_statements": 31, "percent_covered": 100.0, "percent_covered_display": "100", "missing_lines": 0, "excluded_lines": 0, "percent_statements_covered": 100.0, "percent_statements_covered_display": "100", "num_branches": 12, "num_partial_branches": 0, "covered_branches": 12, "missing_branches": 0, "percent_branches_covered": 100.0, "percent_branches_covered_display": "100"}, "missing_lines": [], "excluded_lines": [], "start_line": 335, "executed_branches": [[345, 346], [345, 352], [361, 362], [361, 379], [364, 365], [364, 366], [374, 361], [374, 375], [379, 380], [379, 388], [389, 390], [389, 394]], "missing_branches": []}, "CSFloatAdapter._parse_listings_page": {"executed_lines": [402, 403, 404, 405, 406, 410, 411, 412, 413, 414, 415, 416, 417, 418, 419], "summary": {"covered_lines": 15, "num_statements": 17, "percent_covered": 86.95652173913044, "percent_covered_display": "87", "missing_lines": 2, "excluded_lines": 0, "percent_statements_covered": 88.23529411764706, "percent_statements_covered_display": "88", "num_branches": 6, "num_partial_branches": 1, "covered_branches": 5, "missing_branches": 1, "percent_branches_covered": 83.33333333333333, "percent_branches_covered_display": "83"}, "missing_lines": [408, 409], "excluded_lines": [], "start_line": 398, "executed_branches": [[403, 404], [410, 411], [410, 412], [414, 415], [414, 419]], "missing_branches": [[403, 408]]}, "CSFloatAdapter.fetch_listing_by_id": {"executed_lines": [424, 431, 432, 435, 436, 437, 438, 439], "summary": {"covered_lines": 8, "num_statements": 9, "percent_covered": 81.81818181818181, "percent_covered_display": "82", "missing_lines": 1, "excluded_lines": 0, "percent_statements_covered": 88.88888888888889, "percent_statements_covered_display": "89", "num_branches": 2, "num_partial_branches": 1, "covered_branches": 1, "missing_branches": 1, "percent_branches_covered": 50.0, "percent_branches_covered_display": "50"}, "missing_lines": [425], "excluded_lines": [], "start_line": 421, "executed_branches": [[424, 431]], "missing_branches": [[424, 425]]}, "CSFloatAdapter.verify_listing": {"executed_lines": [445, 446, 447, 448, 462, 464], "summary": {"covered_lines": 6, "num_statements": 7, "percent_covered": 81.81818181818181, "percent_covered_display": "82", "missing_lines": 1, "excluded_lines": 0, "percent_statements_covered": 85.71428571428571, "percent_statements_covered_display": "86", "num_branches": 4, "num_partial_branches": 1, "covered_branches": 3, "missing_branches": 1, "percent_branches_covered": 75.0, "percent_branches_covered_display": "75"}, "missing_lines": [475], "excluded_lines": [], "start_line": 441, "executed_branches": [[446, 447], [446, 462], [462, 464]], "missing_branches": [[462, 475]]}, "": {"executed_lines": [30, 32, 33, 34, 35, 37, 38, 47, 48, 49, 55, 56, 58, 60, 61, 66, 74, 86, 97, 109, 112, 115, 116, 117, 122, 140, 141, 144, 151, 153, 193, 289, 312, 335, 398, 421, 441], "summary": {"covered_lines": 37, "num_statements": 37, "percent_covered": 100.0, "percent_covered_display": "100", "missing_lines": 0, "excluded_lines": 0, "percent_statements_covered": 100.0, "percent_statements_covered_display": "100", "num_branches": 0, "num_partial_branches": 0, "covered_branches": 0, "missing_branches": 0, "percent_branches_covered": 100.0, "percent_branches_covered_display": "100"}, "missing_lines": [], "excluded_lines": [], "start_line": 1, "executed_branches": [], "missing_branches": []}}, "classes": {"CSFloatAdapter": {"executed_lines": [133, 134, 135, 136, 137, 138, 142, 145, 169, 170, 174, 175, 176, 177, 178, 179, 180, 181, 182, 183, 184, 185, 186, 191, 201, 204, 205, 208, 209, 210, 214, 215, 220, 221, 224, 225, 226, 227, 228, 229, 230, 231, 232, 234, 236, 237, 238, 242, 243, 244, 245, 249, 250, 251, 252, 255, 256, 258, 259, 260, 261, 266, 298, 299, 300, 308, 315, 319, 321, 323, 325, 326, 327, 328, 329, 330, 331, 332, 333, 345, 346, 352, 353, 354, 355, 356, 357, 358, 360, 361, 362, 363, 364, 365, 366, 369, 370, 371, 372, 373, 374, 375, 376, 377, 379, 380, 388, 389, 390, 394, 402, 403, 404, 405, 406, 410, 411, 412, 413, 414, 415, 416, 417, 418, 419, 424, 431, 432, 435, 436, 437, 438, 439, 445, 446, 447, 448, 462, 464], "summary": {"covered_lines": 139, "num_statements": 151, "percent_covered": 89.51965065502183, "percent_covered_display": "90", "missing_lines": 12, "excluded_lines": 0, "percent_statements_covered": 92.05298013245033, "percent_statements_covered_display": "92", "num_branches": 78, "num_partial_branches": 12, "covered_branches": 66, "missing_branches": 12, "percent_branches_covered": 84.61538461538461, "percent_branches_covered_display": "85"}, "missing_lines": [202, 206, 216, 222, 253, 320, 322, 324, 408, 409, 425, 475], "excluded_lines": [], "start_line": 112, "executed_branches": [[169, 170], [169, 174], [175, 176], [175, 180], [176, 177], [176, 180], [177, 176], [177, 178], [180, 181], [182, 183], [182, 184], [185, 186], [185, 191], [201, 204], [205, 208], [209, 210], [209, 214], [215, 220], [221, 224], [227, 228], [227, 229], [229, 230], [229, 231], [231, 232], [231, 234], [237, 238], [237, 242], [244, 245], [244, 249], [250, 251], [250, 252], [252, 255], [260, 261], [260, 266], [319, 321], [321, 323], [323, 325], [325, 326], [325, 327], [327, 328], [327, 329], [329, 330], [329, 331], [331, 332], [331, 333], [345, 346], [345, 352], [361, 362], [361, 379], [364, 365], [364, 366], [374, 361], [374, 375], [379, 380], [379, 388], [389, 390], [389, 394], [403, 404], [410, 411], [410, 412], [414, 415], [414, 419], [424, 431], [446, 447], [446, 462], [462, 464]], "missing_branches": [[180, 184], [201, 202], [205, 206], [215, 216], [221, 222], [252, 253], [319, 320], [321, 322], [323, 324], [403, 408], [424, 425], [462, 475]]}, "": {"executed_lines": [30, 32, 33, 34, 35, 37, 38, 47, 48, 49, 55, 56, 58, 60, 61, 66, 74, 75, 76, 77, 78, 86, 97, 109, 112, 115, 116, 117, 122, 140, 141, 144, 151, 153, 193, 289, 312, 335, 398, 421, 441], "summary": {"covered_lines": 41, "num_statements": 45, "percent_covered": 89.79591836734694, "percent_covered_display": "90", "missing_lines": 4, "excluded_lines": 0, "percent_statements_covered": 91.11111111111111, "percent_statements_covered_display": "91", "num_branches": 4, "num_partial_branches": 1, "covered_branches": 3, "missing_branches": 1, "percent_branches_covered": 75.0, "percent_branches_covered_display": "75"}, "missing_lines": [79, 80, 81, 82], "excluded_lines": [], "start_line": 1, "executed_branches": [[75, 76], [75, 77], [77, 78]], "missing_branches": [[77, 79]]}}}, "src\\tradeup\\adapters\\dmarket.py": {"executed_lines": [32, 34, 35, 36, 37, 38, 39, 41, 42, 50, 51, 52, 58, 60, 62, 63, 65, 73, 79, 82, 88, 90, 91, 94, 103, 106, 107, 108, 114, 124, 125, 126, 127, 128, 129, 131, 132, 133, 135, 155, 172, 260, 263, 264, 292, 342, 343, 353], "summary": {"covered_lines": 48, "num_statements": 143, "percent_covered": 27.3224043715847, "percent_covered_display": "27", "missing_lines": 95, "excluded_lines": 0, "percent_statements_covered": 33.56643356643357, "percent_statements_covered_display": "34", "num_branches": 40, "num_partial_branches": 2, "covered_branches": 2, "missing_branches": 38, "percent_branches_covered": 5.0, "percent_branches_covered_display": "5"}, "missing_lines": [89, 95, 96, 97, 98, 99, 100, 144, 145, 146, 147, 148, 149, 158, 159, 160, 168, 175, 176, 177, 179, 180, 181, 183, 184, 185, 187, 188, 189, 190, 191, 192, 196, 197, 198, 199, 203, 204, 205, 206, 207, 208, 209, 213, 214, 215, 216, 217, 218, 223, 224, 225, 226, 227, 228, 229, 233, 234, 235, 236, 238, 270, 271, 272, 273, 274, 275, 276, 277, 278, 281, 282, 283, 284, 285, 288, 289, 290, 295, 296, 302, 303, 304, 305, 306, 307, 310, 311, 312, 313, 324, 325, 326, 327, 355], "excluded_lines": [], "executed_branches": [[88, 90], [263, 264]], "missing_branches": [[88, 89], [95, 96], [95, 97], [144, 145], [144, 146], [176, 177], [176, 179], [180, 181], [180, 183], [184, 185], [184, 187], [189, 190], [189, 191], [191, 192], [191, 196], [198, 199], [198, 203], [204, 205], [204, 206], [215, 216], [215, 217], [217, 218], [217, 223], [225, 226], [225, 227], [228, 229], [228, 233], [235, 236], [235, 238], [263, 270], [271, 272], [271, 273], [283, 284], [283, 285], [295, 296], [295, 302], [312, 313], [312, 324]], "functions": {"build_signature_payload": {"executed_lines": [79], "summary": {"covered_lines": 1, "num_statements": 1, "percent_covered": 100.0, "percent_covered_display": "100", "missing_lines": 0, "excluded_lines": 0, "percent_statements_covered": 100.0, "percent_statements_covered_display": "100", "num_branches": 0, "num_partial_branches": 0, "covered_branches": 0, "missing_branches": 0, "percent_branches_covered": 100.0, "percent_branches_covered_display": "100"}, "missing_lines": [], "excluded_lines": [], "start_line": 73, "executed_branches": [], "missing_branches": []}, "encode_query": {"executed_lines": [88, 90, 91], "summary": {"covered_lines": 3, "num_statements": 4, "percent_covered": 66.66666666666667, "percent_covered_display": "67", "missing_lines": 1, "excluded_lines": 0, "percent_statements_covered": 75.0, "percent_statements_covered_display": "75", "num_branches": 2, "num_partial_branches": 1, "covered_branches": 1, "missing_branches": 1, "percent_branches_covered": 50.0, "percent_branches_covered_display": "50"}, "missing_lines": [89], "excluded_lines": [], "start_line": 82, "executed_branches": [[88, 90]], "missing_branches": [[88, 89]]}, "_decimal": {"executed_lines": [], "summary": {"covered_lines": 0, "num_statements": 6, "percent_covered": 0.0, "percent_covered_display": "0", "missing_lines": 6, "excluded_lines": 0, "percent_statements_covered": 0.0, "percent_statements_covered_display": "0", "num_branches": 2, "num_partial_branches": 0, "covered_branches": 0, "missing_branches": 2, "percent_branches_covered": 0.0, "percent_branches_covered_display": "0"}, "missing_lines": [95, 96, 97, 98, 99, 100], "excluded_lines": [], "start_line": 94, "executed_branches": [], "missing_branches": [[95, 96], [95, 97]]}, "DMarketAdapter.__init__": {"executed_lines": [124, 125, 126, 127, 128, 129], "summary": {"covered_lines": 6, "num_statements": 6, "percent_covered": 100.0, "percent_covered_display": "100", "missing_lines": 0, "excluded_lines": 0, "percent_statements_covered": 100.0, "percent_statements_covered_display": "100", "num_branches": 0, "num_partial_branches": 0, "covered_branches": 0, "missing_branches": 0, "percent_branches_covered": 100.0, "percent_branches_covered_display": "100"}, "missing_lines": [], "excluded_lines": [], "start_line": 114, "executed_branches": [], "missing_branches": []}, "DMarketAdapter.has_credentials": {"executed_lines": [133], "summary": {"covered_lines": 1, "num_statements": 1, "percent_covered": 100.0, "percent_covered_display": "100", "missing_lines": 0, "excluded_lines": 0, "percent_statements_covered": 100.0, "percent_statements_covered_display": "100", "num_branches": 0, "num_partial_branches": 0, "covered_branches": 0, "missing_branches": 0, "percent_branches_covered": 100.0, "percent_branches_covered_display": "100"}, "missing_lines": [], "excluded_lines": [], "start_line": 132, "executed_branches": [], "missing_branches": []}, "DMarketAdapter.signed_headers": {"executed_lines": [], "summary": {"covered_lines": 0, "num_statements": 6, "percent_covered": 0.0, "percent_covered_display": "0", "missing_lines": 6, "excluded_lines": 0, "percent_statements_covered": 0.0, "percent_statements_covered_display": "0", "num_branches": 2, "num_partial_branches": 0, "covered_branches": 0, "missing_branches": 2, "percent_branches_covered": 0.0, "percent_branches_covered_display": "0"}, "missing_lines": [144, 145, 146, 147, 148, 149], "excluded_lines": [], "start_line": 135, "executed_branches": [], "missing_branches": [[144, 145], [144, 146]]}, "DMarketAdapter._failure": {"executed_lines": [], "summary": {"covered_lines": 0, "num_statements": 4, "percent_covered": 0.0, "percent_covered_display": "0", "missing_lines": 4, "excluded_lines": 0, "percent_statements_covered": 0.0, "percent_statements_covered_display": "0", "num_branches": 0, "num_partial_branches": 0, "covered_branches": 0, "missing_branches": 0, "percent_branches_covered": 100.0, "percent_branches_covered_display": "100"}, "missing_lines": [158, 159, 160, 168], "excluded_lines": [], "start_line": 155, "executed_branches": [], "missing_branches": []}, "DMarketAdapter._parse_listing": {"executed_lines": [], "summary": {"covered_lines": 0, "num_statements": 44, "percent_covered": 0.0, "percent_covered_display": "0", "missing_lines": 44, "excluded_lines": 0, "percent_statements_covered": 0.0, "percent_statements_covered_display": "0", "num_branches": 24, "num_partial_branches": 0, "covered_branches": 0, "missing_branches": 24, "percent_branches_covered": 0.0, "percent_branches_covered_display": "0"}, "missing_lines": [175, 176, 177, 179, 180, 181, 183, 184, 185, 187, 188, 189, 190, 191, 192, 196, 197, 198, 199, 203, 204, 205, 206, 207, 208, 209, 213, 214, 215, 216, 217, 218, 223, 224, 225, 226, 227, 228, 229, 233, 234, 235, 236, 238], "excluded_lines": [], "start_line": 172, "executed_branches": [], "missing_branches": [[176, 177], [176, 179], [180, 181], [180, 183], [184, 185], [184, 187], [189, 190], [189, 191], [191, 192], [191, 196], [198, 199], [198, 203], [204, 205], [204, 206], [215, 216], [215, 217], [217, 218], [217, 223], [225, 226], [225, 227], [228, 229], [228, 233], [235, 236], [235, 238]]}, "DMarketAdapter.fetch_listings": {"executed_lines": [263, 264], "summary": {"covered_lines": 2, "num_statements": 19, "percent_covered": 12.0, "percent_covered_display": "12", "missing_lines": 17, "excluded_lines": 0, "percent_statements_covered": 10.526315789473685, "percent_statements_covered_display": "11", "num_branches": 6, "num_partial_branches": 1, "covered_branches": 1, "missing_branches": 5, "percent_branches_covered": 16.666666666666668, "percent_branches_covered_display": "17"}, "missing_lines": [270, 271, 272, 273, 274, 275, 276, 277, 278, 281, 282, 283, 284, 285, 288, 289, 290], "excluded_lines": [], "start_line": 260, "executed_branches": [[263, 264]], "missing_branches": [[263, 270], [271, 272], [271, 273], [283, 284], [283, 285]]}, "DMarketAdapter.verify_listing": {"executed_lines": [], "summary": {"covered_lines": 0, "num_statements": 16, "percent_covered": 0.0, "percent_covered_display": "0", "missing_lines": 16, "excluded_lines": 0, "percent_statements_covered": 0.0, "percent_statements_covered_display": "0", "num_branches": 4, "num_partial_branches": 0, "covered_branches": 0, "missing_branches": 4, "percent_branches_covered": 0.0, "percent_branches_covered_display": "0"}, "missing_lines": [295, 296, 302, 303, 304, 305, 306, 307, 310, 311, 312, 313, 324, 325, 326, 327], "excluded_lines": [], "start_line": 292, "executed_branches": [], "missing_branches": [[295, 296], [295, 302], [312, 313], [312, 324]]}, "DMarketAdapter.fetch_account_state": {"executed_lines": [343], "summary": {"covered_lines": 1, "num_statements": 1, "percent_covered": 100.0, "percent_covered_display": "100", "missing_lines": 0, "excluded_lines": 0, "percent_statements_covered": 100.0, "percent_statements_covered_display": "100", "num_branches": 0, "num_partial_branches": 0, "covered_branches": 0, "missing_branches": 0, "percent_branches_covered": 100.0, "percent_branches_covered_display": "100"}, "missing_lines": [], "excluded_lines": [], "start_line": 342, "executed_branches": [], "missing_branches": []}, "sha256_body": {"executed_lines": [], "summary": {"covered_lines": 0, "num_statements": 1, "percent_covered": 0.0, "percent_covered_display": "0", "missing_lines": 1, "excluded_lines": 0, "percent_statements_covered": 0.0, "percent_statements_covered_display": "0", "num_branches": 0, "num_partial_branches": 0, "covered_branches": 0, "missing_branches": 0, "percent_branches_covered": 100.0, "percent_branches_covered_display": "100"}, "missing_lines": [355], "excluded_lines": [], "start_line": 353, "executed_branches": [], "missing_branches": []}, "": {"executed_lines": [32, 34, 35, 36, 37, 38, 39, 41, 42, 50, 51, 52, 58, 60, 62, 63, 65, 73, 82, 94, 103, 106, 107, 108, 114, 131, 132, 135, 155, 172, 260, 292, 342, 353], "summary": {"covered_lines": 34, "num_statements": 34, "percent_covered": 100.0, "percent_covered_display": "100", "missing_lines": 0, "excluded_lines": 0, "percent_statements_covered": 100.0, "percent_statements_covered_display": "100", "num_branches": 0, "num_partial_branches": 0, "covered_branches": 0, "missing_branches": 0, "percent_branches_covered": 100.0, "percent_branches_covered_display": "100"}, "missing_lines": [], "excluded_lines": [], "start_line": 1, "executed_branches": [], "missing_branches": []}}, "classes": {"DMarketAdapter": {"executed_lines": [124, 125, 126, 127, 128, 129, 133, 263, 264, 343], "summary": {"covered_lines": 10, "num_statements": 97, "percent_covered": 8.270676691729323, "percent_covered_display": "8", "missing_lines": 87, "excluded_lines": 0, "percent_statements_covered": 10.309278350515465, "percent_statements_covered_display": "10", "num_branches": 36, "num_partial_branches": 1, "covered_branches": 1, "missing_branches": 35, "percent_branches_covered": 2.7777777777777777, "percent_branches_covered_display": "3"}, "missing_lines": [144, 145, 146, 147, 148, 149, 158, 159, 160, 168, 175, 176, 177, 179, 180, 181, 183, 184, 185, 187, 188, 189, 190, 191, 192, 196, 197, 198, 199, 203, 204, 205, 206, 207, 208, 209, 213, 214, 215, 216, 217, 218, 223, 224, 225, 226, 227, 228, 229, 233, 234, 235, 236, 238, 270, 271, 272, 273, 274, 275, 276, 277, 278, 281, 282, 283, 284, 285, 288, 289, 290, 295, 296, 302, 303, 304, 305, 306, 307, 310, 311, 312, 313, 324, 325, 326, 327], "excluded_lines": [], "start_line": 103, "executed_branches": [[263, 264]], "missing_branches": [[144, 145], [144, 146], [176, 177], [176, 179], [180, 181], [180, 183], [184, 185], [184, 187], [189, 190], [189, 191], [191, 192], [191, 196], [198, 199], [198, 203], [204, 205], [204, 206], [215, 216], [215, 217], [217, 218], [217, 223], [225, 226], [225, 227], [228, 229], [228, 233], [235, 236], [235, 238], [263, 270], [271, 272], [271, 273], [283, 284], [283, 285], [295, 296], [295, 302], [312, 313], [312, 324]]}, "": {"executed_lines": [32, 34, 35, 36, 37, 38, 39, 41, 42, 50, 51, 52, 58, 60, 62, 63, 65, 73, 79, 82, 88, 90, 91, 94, 103, 106, 107, 108, 114, 131, 132, 135, 155, 172, 260, 292, 342, 353], "summary": {"covered_lines": 38, "num_statements": 46, "percent_covered": 78.0, "percent_covered_display": "78", "missing_lines": 8, "excluded_lines": 0, "percent_statements_covered": 82.6086956521739, "percent_statements_covered_display": "83", "num_branches": 4, "num_partial_branches": 1, "covered_branches": 1, "missing_branches": 3, "percent_branches_covered": 25.0, "percent_branches_covered_display": "25"}, "missing_lines": [89, 95, 96, 97, 98, 99, 100, 355], "excluded_lines": [], "start_line": 1, "executed_branches": [[88, 90]], "missing_branches": [[88, 89], [95, 96], [95, 97]]}}}, "src\\tradeup\\adapters\\fixture.py": {"executed_lines": [15, 17, 18, 19, 21, 22, 23, 24, 25, 26, 28, 31, 32, 35, 36, 37, 39, 41, 43, 45, 47, 48, 49, 50, 54, 57, 58, 63, 70, 71, 72, 74, 75, 80, 83, 88, 89, 91, 92, 93, 95, 97, 99, 104, 106, 108, 110, 123, 127, 128, 130, 131, 143, 144, 145, 146, 151, 166, 184], "summary": {"covered_lines": 59, "num_statements": 74, "percent_covered": 74.46808510638297, "percent_covered_display": "74", "missing_lines": 15, "excluded_lines": 0, "percent_statements_covered": 79.72972972972973, "percent_statements_covered_display": "80", "num_branches": 20, "num_partial_branches": 7, "covered_branches": 11, "missing_branches": 9, "percent_branches_covered": 55.0, "percent_branches_covered_display": "55"}, "missing_lines": [51, 76, 94, 96, 98, 103, 105, 107, 113, 114, 115, 121, 175, 180, 185], "excluded_lines": [], "executed_branches": [[48, 49], [49, 48], [49, 50], [93, 95], [95, 97], [97, 99], [99, 104], [104, 106], [106, 108], [130, 131], [130, 143]], "missing_branches": [[48, 51], [93, 94], [95, 96], [97, 98], [99, 103], [104, 105], [106, 107], [114, 115], [114, 121]], "functions": {"FixtureScenario.listing": {"executed_lines": [48, 49, 50], "summary": {"covered_lines": 3, "num_statements": 4, "percent_covered": 75.0, "percent_covered_display": "75", "missing_lines": 1, "excluded_lines": 0, "percent_statements_covered": 75.0, "percent_statements_covered_display": "75", "num_branches": 4, "num_partial_branches": 1, "covered_branches": 3, "missing_branches": 1, "percent_branches_covered": 75.0, "percent_branches_covered_display": "75"}, "missing_lines": [51], "excluded_lines": [], "start_line": 47, "executed_branches": [[48, 49], [49, 48], [49, 50]], "missing_branches": [[48, 51]]}, "FixtureMarketAdapter.__init__": {"executed_lines": [70, 71, 72], "summary": {"covered_lines": 3, "num_statements": 3, "percent_covered": 100.0, "percent_covered_display": "100", "missing_lines": 0, "excluded_lines": 0, "percent_statements_covered": 100.0, "percent_statements_covered_display": "100", "num_branches": 0, "num_partial_branches": 0, "covered_branches": 0, "missing_branches": 0, "percent_branches_covered": 100.0, "percent_branches_covered_display": "100"}, "missing_lines": [], "excluded_lines": [], "start_line": 63, "executed_branches": [], "missing_branches": []}, "FixtureMarketAdapter.scenario": {"executed_lines": [], "summary": {"covered_lines": 0, "num_statements": 1, "percent_covered": 0.0, "percent_covered_display": "0", "missing_lines": 1, "excluded_lines": 0, "percent_statements_covered": 0.0, "percent_statements_covered_display": "0", "num_branches": 0, "num_partial_branches": 0, "covered_branches": 0, "missing_branches": 0, "percent_branches_covered": 100.0, "percent_branches_covered_display": "100"}, "missing_lines": [76], "excluded_lines": [], "start_line": 75, "executed_branches": [], "missing_branches": []}, "FixtureMarketAdapter.fetch_listings": {"executed_lines": [83, 88, 89], "summary": {"covered_lines": 3, "num_statements": 3, "percent_covered": 100.0, "percent_covered_display": "100", "missing_lines": 0, "excluded_lines": 0, "percent_statements_covered": 100.0, "percent_statements_covered_display": "100", "num_branches": 0, "num_partial_branches": 0, "covered_branches": 0, "missing_branches": 0, "percent_branches_covered": 100.0, "percent_branches_covered_display": "100"}, "missing_lines": [], "excluded_lines": [], "start_line": 80, "executed_branches": [], "missing_branches": []}, "FixtureMarketAdapter._matches": {"executed_lines": [93, 95, 97, 99, 104, 106, 108], "summary": {"covered_lines": 7, "num_statements": 13, "percent_covered": 52.0, "percent_covered_display": "52", "missing_lines": 6, "excluded_lines": 0, "percent_statements_covered": 53.84615384615385, "percent_statements_covered_display": "54", "num_branches": 12, "num_partial_branches": 6, "covered_branches": 6, "missing_branches": 6, "percent_branches_covered": 50.0, "percent_branches_covered_display": "50"}, "missing_lines": [94, 96, 98, 103, 105, 107], "excluded_lines": [], "start_line": 92, "executed_branches": [[93, 95], [95, 97], [97, 99], [99, 104], [104, 106], [106, 108]], "missing_branches": [[93, 94], [95, 96], [97, 98], [99, 103], [104, 105], [106, 107]]}, "FixtureMarketAdapter.fetch_listing_by_id": {"executed_lines": [], "summary": {"covered_lines": 0, "num_statements": 4, "percent_covered": 0.0, "percent_covered_display": "0", "missing_lines": 4, "excluded_lines": 0, "percent_statements_covered": 0.0, "percent_statements_covered_display": "0", "num_branches": 2, "num_partial_branches": 0, "covered_branches": 0, "missing_branches": 2, "percent_branches_covered": 0.0, "percent_branches_covered_display": "0"}, "missing_lines": [113, 114, 115, 121], "excluded_lines": [], "start_line": 110, "executed_branches": [], "missing_branches": [[114, 115], [114, 121]]}, "FixtureMarketAdapter.verify_listing": {"executed_lines": [127, 128, 130, 131, 143, 144, 145, 146, 151], "summary": {"covered_lines": 9, "num_statements": 9, "percent_covered": 100.0, "percent_covered_display": "100", "missing_lines": 0, "excluded_lines": 0, "percent_statements_covered": 100.0, "percent_statements_covered_display": "100", "num_branches": 2, "num_partial_branches": 0, "covered_branches": 2, "missing_branches": 0, "percent_branches_covered": 100.0, "percent_branches_covered_display": "100"}, "missing_lines": [], "excluded_lines": [], "start_line": 123, "executed_branches": [[130, 131], [130, 143]], "missing_branches": []}, "FixtureMarketAdapter.fetch_price_reference": {"executed_lines": [], "summary": {"covered_lines": 0, "num_statements": 2, "percent_covered": 0.0, "percent_covered_display": "0", "missing_lines": 2, "excluded_lines": 0, "percent_statements_covered": 0.0, "percent_statements_covered_display": "0", "num_branches": 0, "num_partial_branches": 0, "covered_branches": 0, "missing_branches": 0, "percent_branches_covered": 100.0, "percent_branches_covered_display": "100"}, "missing_lines": [175, 180], "excluded_lines": [], "start_line": 166, "executed_branches": [], "missing_branches": []}, "FixtureMarketAdapter.fetch_account_state": {"executed_lines": [], "summary": {"covered_lines": 0, "num_statements": 1, "percent_covered": 0.0, "percent_covered_display": "0", "missing_lines": 1, "excluded_lines": 0, "percent_statements_covered": 0.0, "percent_statements_covered_display": "0", "num_branches": 0, "num_partial_branches": 0, "covered_branches": 0, "missing_branches": 0, "percent_branches_covered": 100.0, "percent_branches_covered_display": "100"}, "missing_lines": [185], "excluded_lines": [], "start_line": 184, "executed_branches": [], "missing_branches": []}, "": {"executed_lines": [15, 17, 18, 19, 21, 22, 23, 24, 25, 26, 28, 31, 32, 35, 36, 37, 39, 41, 43, 45, 47, 54, 57, 58, 63, 74, 75, 80, 91, 92, 110, 123, 166, 184], "summary": {"covered_lines": 34, "num_statements": 34, "percent_covered": 100.0, "percent_covered_display": "100", "missing_lines": 0, "excluded_lines": 0, "percent_statements_covered": 100.0, "percent_statements_covered_display": "100", "num_branches": 0, "num_partial_branches": 0, "covered_branches": 0, "missing_branches": 0, "percent_branches_covered": 100.0, "percent_branches_covered_display": "100"}, "missing_lines": [], "excluded_lines": [], "start_line": 1, "executed_branches": [], "missing_branches": []}}, "classes": {"FixtureScenario": {"executed_lines": [48, 49, 50], "summary": {"covered_lines": 3, "num_statements": 4, "percent_covered": 75.0, "percent_covered_display": "75", "missing_lines": 1, "excluded_lines": 0, "percent_statements_covered": 75.0, "percent_statements_covered_display": "75", "num_branches": 4, "num_partial_branches": 1, "covered_branches": 3, "missing_branches": 1, "percent_branches_covered": 75.0, "percent_branches_covered_display": "75"}, "missing_lines": [51], "excluded_lines": [], "start_line": 32, "executed_branches": [[48, 49], [49, 48], [49, 50]], "missing_branches": [[48, 51]]}, "FixtureMarketAdapter": {"executed_lines": [70, 71, 72, 83, 88, 89, 93, 95, 97, 99, 104, 106, 108, 127, 128, 130, 131, 143, 144, 145, 146, 151], "summary": {"covered_lines": 22, "num_statements": 36, "percent_covered": 57.69230769230769, "percent_covered_display": "58", "missing_lines": 14, "excluded_lines": 0, "percent_statements_covered": 61.111111111111114, "percent_statements_covered_display": "61", "num_branches": 16, "num_partial_branches": 6, "covered_branches": 8, "missing_branches": 8, "percent_branches_covered": 50.0, "percent_branches_covered_display": "50"}, "missing_lines": [76, 94, 96, 98, 103, 105, 107, 113, 114, 115, 121, 175, 180, 185], "excluded_lines": [], "start_line": 54, "executed_branches": [[93, 95], [95, 97], [97, 99], [99, 104], [104, 106], [106, 108], [130, 131], [130, 143]], "missing_branches": [[93, 94], [95, 96], [97, 98], [99, 103], [104, 105], [106, 107], [114, 115], [114, 121]]}, "": {"executed_lines": [15, 17, 18, 19, 21, 22, 23, 24, 25, 26, 28, 31, 32, 35, 36, 37, 39, 41, 43, 45, 47, 54, 57, 58, 63, 74, 75, 80, 91, 92, 110, 123, 166, 184], "summary": {"covered_lines": 34, "num_statements": 34, "percent_covered": 100.0, "percent_covered_display": "100", "missing_lines": 0, "excluded_lines": 0, "percent_statements_covered": 100.0, "percent_statements_covered_display": "100", "num_branches": 0, "num_partial_branches": 0, "covered_branches": 0, "missing_branches": 0, "percent_branches_covered": 100.0, "percent_branches_covered_display": "100"}, "missing_lines": [], "excluded_lines": [], "start_line": 1, "executed_branches": [], "missing_branches": []}}}, "src\\tradeup\\adapters\\http.py": {"executed_lines": [18, 20, 21, 22, 23, 24, 25, 26, 27, 28, 30, 32, 43, 47, 51, 55, 58, 59, 60, 63, 67, 71, 77, 78, 79, 80, 81, 82, 83, 86, 87, 90, 91, 92, 93, 94, 95, 97, 98, 99, 101, 102, 103, 105, 106, 107, 108, 109, 110, 111, 115, 122, 123, 124, 125, 130, 133, 144, 147, 151, 184, 192, 198, 199, 200, 202, 203, 204, 206, 209, 218, 219, 220, 221, 222, 228, 229, 232, 233, 234, 235, 237, 238, 239, 240, 242, 243, 245, 247, 248, 249, 252, 253, 256, 257, 258, 259, 260, 261, 262, 264, 272, 273, 274, 276, 277, 278, 279, 286, 287, 289, 290, 291, 292, 295, 296, 300, 301, 309, 311, 312, 314, 316, 317], "summary": {"covered_lines": 124, "num_statements": 140, "percent_covered": 88.37209302325581, "percent_covered_display": "88", "missing_lines": 16, "excluded_lines": 0, "percent_statements_covered": 88.57142857142857, "percent_statements_covered_display": "89", "num_branches": 32, "num_partial_branches": 4, "covered_branches": 28, "missing_branches": 4, "percent_branches_covered": 87.5, "percent_branches_covered_display": "88"}, "missing_lines": [112, 113, 148, 149, 160, 161, 162, 169, 170, 171, 172, 173, 174, 207, 241, 305], "excluded_lines": [], "executed_branches": [[77, 78], [77, 79], [80, 81], [80, 83], [81, 80], [81, 82], [108, 109], [108, 110], [133, -130], [238, 239], [238, 240], [240, 242], [242, -237], [242, 243], [273, 274], [277, 278], [277, 316], [289, 290], [289, 291], [291, 292], [291, 295], [295, 296], [295, 300], [300, 301], [309, 277], [309, 311], [311, 312], [311, 314]], "missing_branches": [[133, -133], [240, 241], [273, 276], [300, 305]], "functions": {"TransportRateLimited.__init__": {"executed_lines": [59, 60], "summary": {"covered_lines": 2, "num_statements": 2, "percent_covered": 100.0, "percent_covered_display": "100", "missing_lines": 0, "excluded_lines": 0, "percent_statements_covered": 100.0, "percent_statements_covered_display": "100", "num_branches": 0, "num_partial_branches": 0, "covered_branches": 0, "missing_branches": 0, "percent_branches_covered": 100.0, "percent_branches_covered_display": "100"}, "missing_lines": [], "excluded_lines": [], "start_line": 58, "executed_branches": [], "missing_branches": []}, "redact": {"executed_lines": [77, 78, 79, 80, 81, 82, 83], "summary": {"covered_lines": 7, "num_statements": 7, "percent_covered": 100.0, "percent_covered_display": "100", "missing_lines": 0, "excluded_lines": 0, "percent_statements_covered": 100.0, "percent_statements_covered_display": "100", "num_branches": 6, "num_partial_branches": 0, "covered_branches": 6, "missing_branches": 0, "percent_branches_covered": 100.0, "percent_branches_covered_display": "100"}, "missing_lines": [], "excluded_lines": [], "start_line": 71, "executed_branches": [[77, 78], [77, 79], [80, 81], [80, 83], [81, 80], [81, 82]], "missing_branches": []}, "HttpResponse.payload_sha256": {"executed_lines": [99], "summary": {"covered_lines": 1, "num_statements": 1, "percent_covered": 100.0, "percent_covered_display": "100", "missing_lines": 0, "excluded_lines": 0, "percent_statements_covered": 100.0, "percent_statements_covered_display": "100", "num_branches": 0, "num_partial_branches": 0, "covered_branches": 0, "missing_branches": 0, "percent_branches_covered": 100.0, "percent_branches_covered_display": "100"}, "missing_lines": [], "excluded_lines": [], "start_line": 98, "executed_branches": [], "missing_branches": []}, "HttpResponse.is_success": {"executed_lines": [103], "summary": {"covered_lines": 1, "num_statements": 1, "percent_covered": 100.0, "percent_covered_display": "100", "missing_lines": 0, "excluded_lines": 0, "percent_statements_covered": 100.0, "percent_statements_covered_display": "100", "num_branches": 0, "num_partial_branches": 0, "covered_branches": 0, "missing_branches": 0, "percent_branches_covered": 100.0, "percent_branches_covered_display": "100"}, "missing_lines": [], "excluded_lines": [], "start_line": 102, "executed_branches": [], "missing_branches": []}, "HttpResponse.retry_after_seconds": {"executed_lines": [107, 108, 109, 110, 111], "summary": {"covered_lines": 5, "num_statements": 7, "percent_covered": 77.77777777777777, "percent_covered_display": "78", "missing_lines": 2, "excluded_lines": 0, "percent_statements_covered": 71.42857142857143, "percent_statements_covered_display": "71", "num_branches": 2, "num_partial_branches": 0, "covered_branches": 2, "missing_branches": 0, "percent_branches_covered": 100.0, "percent_branches_covered_display": "100"}, "missing_lines": [112, 113], "excluded_lines": [], "start_line": 106, "executed_branches": [[108, 109], [108, 110]], "missing_branches": []}, "HttpResponse.json": {"executed_lines": [122, 123, 124, 125], "summary": {"covered_lines": 4, "num_statements": 4, "percent_covered": 100.0, "percent_covered_display": "100", "missing_lines": 0, "excluded_lines": 0, "percent_statements_covered": 100.0, "percent_statements_covered_display": "100", "num_branches": 0, "num_partial_branches": 0, "covered_branches": 0, "missing_branches": 0, "percent_branches_covered": 100.0, "percent_branches_covered_display": "100"}, "missing_lines": [], "excluded_lines": [], "start_line": 115, "executed_branches": [], "missing_branches": []}, "Transport.send": {"executed_lines": [], "summary": {"covered_lines": 0, "num_statements": 0, "percent_covered": 100.0, "percent_covered_display": "100", "missing_lines": 0, "excluded_lines": 0, "percent_statements_covered": 100.0, "percent_statements_covered_display": "100", "num_branches": 0, "num_partial_branches": 0, "covered_branches": 0, "missing_branches": 0, "percent_branches_covered": 100.0, "percent_branches_covered_display": "100"}, "missing_lines": [], "excluded_lines": [], "start_line": 133, "executed_branches": [], "missing_branches": []}, "HttpxTransport.__init__": {"executed_lines": [], "summary": {"covered_lines": 0, "num_statements": 2, "percent_covered": 0.0, "percent_covered_display": "0", "missing_lines": 2, "excluded_lines": 0, "percent_statements_covered": 0.0, "percent_statements_covered_display": "0", "num_branches": 0, "num_partial_branches": 0, "covered_branches": 0, "missing_branches": 0, "percent_branches_covered": 100.0, "percent_branches_covered_display": "100"}, "missing_lines": [148, 149], "excluded_lines": [], "start_line": 147, "executed_branches": [], "missing_branches": []}, "HttpxTransport.send": {"executed_lines": [], "summary": {"covered_lines": 0, "num_statements": 9, "percent_covered": 0.0, "percent_covered_display": "0", "missing_lines": 9, "excluded_lines": 0, "percent_statements_covered": 0.0, "percent_statements_covered_display": "0", "num_branches": 0, "num_partial_branches": 0, "covered_branches": 0, "missing_branches": 0, "percent_branches_covered": 100.0, "percent_branches_covered_display": "100"}, "missing_lines": [160, 161, 162, 169, 170, 171, 172, 173, 174], "excluded_lines": [], "start_line": 151, "executed_branches": [], "missing_branches": []}, "FixtureTransport.__init__": {"executed_lines": [198, 199, 200], "summary": {"covered_lines": 3, "num_statements": 3, "percent_covered": 100.0, "percent_covered_display": "100", "missing_lines": 0, "excluded_lines": 0, "percent_statements_covered": 100.0, "percent_statements_covered_display": "100", "num_branches": 0, "num_partial_branches": 0, "covered_branches": 0, "missing_branches": 0, "percent_branches_covered": 100.0, "percent_branches_covered_display": "100"}, "missing_lines": [], "excluded_lines": [], "start_line": 192, "executed_branches": [], "missing_branches": []}, "FixtureTransport.key": {"executed_lines": [204], "summary": {"covered_lines": 1, "num_statements": 1, "percent_covered": 100.0, "percent_covered_display": "100", "missing_lines": 0, "excluded_lines": 0, "percent_statements_covered": 100.0, "percent_statements_covered_display": "100", "num_branches": 0, "num_partial_branches": 0, "covered_branches": 0, "missing_branches": 0, "percent_branches_covered": 100.0, "percent_branches_covered_display": "100"}, "missing_lines": [], "excluded_lines": [], "start_line": 203, "executed_branches": [], "missing_branches": []}, "FixtureTransport.register": {"executed_lines": [], "summary": {"covered_lines": 0, "num_statements": 1, "percent_covered": 0.0, "percent_covered_display": "0", "missing_lines": 1, "excluded_lines": 0, "percent_statements_covered": 0.0, "percent_statements_covered_display": "0", "num_branches": 0, "num_partial_branches": 0, "covered_branches": 0, "missing_branches": 0, "percent_branches_covered": 100.0, "percent_branches_covered_display": "100"}, "missing_lines": [207], "excluded_lines": [], "start_line": 206, "executed_branches": [], "missing_branches": []}, "FixtureTransport.send": {"executed_lines": [218, 219, 220, 221, 222], "summary": {"covered_lines": 5, "num_statements": 5, "percent_covered": 100.0, "percent_covered_display": "100", "missing_lines": 0, "excluded_lines": 0, "percent_statements_covered": 100.0, "percent_statements_covered_display": "100", "num_branches": 0, "num_partial_branches": 0, "covered_branches": 0, "missing_branches": 0, "percent_branches_covered": 100.0, "percent_branches_covered_display": "100"}, "missing_lines": [], "excluded_lines": [], "start_line": 209, "executed_branches": [], "missing_branches": []}, "RetryPolicy.__post_init__": {"executed_lines": [238, 239, 240, 242, 243], "summary": {"covered_lines": 5, "num_statements": 6, "percent_covered": 83.33333333333333, "percent_covered_display": "83", "missing_lines": 1, "excluded_lines": 0, "percent_statements_covered": 83.33333333333333, "percent_statements_covered_display": "83", "num_branches": 6, "num_partial_branches": 1, "covered_branches": 5, "missing_branches": 1, "percent_branches_covered": 83.33333333333333, "percent_branches_covered_display": "83"}, "missing_lines": [241], "excluded_lines": [], "start_line": 237, "executed_branches": [[238, 239], [238, 240], [240, 242], [242, -237], [242, 243]], "missing_branches": [[240, 241]]}, "RetryPolicy.delay_for": {"executed_lines": [247, 248, 249], "summary": {"covered_lines": 3, "num_statements": 3, "percent_covered": 100.0, "percent_covered_display": "100", "missing_lines": 0, "excluded_lines": 0, "percent_statements_covered": 100.0, "percent_statements_covered_display": "100", "num_branches": 0, "num_partial_branches": 0, "covered_branches": 0, "missing_branches": 0, "percent_branches_covered": 100.0, "percent_branches_covered_display": "100"}, "missing_lines": [], "excluded_lines": [], "start_line": 245, "executed_branches": [], "missing_branches": []}, "RestClient.get": {"executed_lines": [272, 273, 274, 276, 277, 278, 279, 286, 287, 289, 290, 291, 292, 295, 296, 300, 301, 309, 311, 312, 314, 316, 317], "summary": {"covered_lines": 23, "num_statements": 24, "percent_covered": 92.5, "percent_covered_display": "92", "missing_lines": 1, "excluded_lines": 0, "percent_statements_covered": 95.83333333333333, "percent_statements_covered_display": "96", "num_branches": 16, "num_partial_branches": 2, "covered_branches": 14, "missing_branches": 2, "percent_branches_covered": 87.5, "percent_branches_covered_display": "88"}, "missing_lines": [305], "excluded_lines": [], "start_line": 264, "executed_branches": [[273, 274], [277, 278], [277, 316], [289, 290], [289, 291], [291, 292], [291, 295], [295, 296], [295, 300], [300, 301], [309, 277], [309, 311], [311, 312], [311, 314]], "missing_branches": [[273, 276], [300, 305]]}, "": {"executed_lines": [18, 20, 21, 22, 23, 24, 25, 26, 27, 28, 30, 32, 43, 47, 51, 55, 58, 63, 67, 71, 86, 87, 90, 91, 92, 93, 94, 95, 97, 98, 101, 102, 105, 106, 115, 130, 133, 144, 147, 151, 184, 192, 202, 203, 206, 209, 228, 229, 232, 233, 234, 235, 237, 245, 252, 253, 256, 257, 258, 259, 260, 261, 262, 264], "summary": {"covered_lines": 64, "num_statements": 64, "percent_covered": 98.48484848484848, "percent_covered_display": "98", "missing_lines": 0, "excluded_lines": 0, "percent_statements_covered": 100.0, "percent_statements_covered_display": "100", "num_branches": 2, "num_partial_branches": 1, "covered_branches": 1, "missing_branches": 1, "percent_branches_covered": 50.0, "percent_branches_covered_display": "50"}, "missing_lines": [], "excluded_lines": [], "start_line": 1, "executed_branches": [[133, -130]], "missing_branches": [[133, -133]]}}, "classes": {"TransportError": {"executed_lines": [], "summary": {"covered_lines": 0, "num_statements": 0, "percent_covered": 100.0, "percent_covered_display": "100", "missing_lines": 0, "excluded_lines": 0, "percent_statements_covered": 100.0, "percent_statements_covered_display": "100", "num_branches": 0, "num_partial_branches": 0, "covered_branches": 0, "missing_branches": 0, "percent_branches_covered": 100.0, "percent_branches_covered_display": "100"}, "missing_lines": [], "excluded_lines": [], "start_line": 43, "executed_branches": [], "missing_branches": []}, "TransportTimeout": {"executed_lines": [], "summary": {"covered_lines": 0, "num_statements": 0, "percent_covered": 100.0, "percent_covered_display": "100", "missing_lines": 0, "excluded_lines": 0, "percent_statements_covered": 100.0, "percent_statements_covered_display": "100", "num_branches": 0, "num_partial_branches": 0, "covered_branches": 0, "missing_branches": 0, "percent_branches_covered": 100.0, "percent_branches_covered_display": "100"}, "missing_lines": [], "excluded_lines": [], "start_line": 47, "executed_branches": [], "missing_branches": []}, "TransportUnavailable": {"executed_lines": [], "summary": {"covered_lines": 0, "num_statements": 0, "percent_covered": 100.0, "percent_covered_display": "100", "missing_lines": 0, "excluded_lines": 0, "percent_statements_covered": 100.0, "percent_statements_covered_display": "100", "num_branches": 0, "num_partial_branches": 0, "covered_branches": 0, "missing_branches": 0, "percent_branches_covered": 100.0, "percent_branches_covered_display": "100"}, "missing_lines": [], "excluded_lines": [], "start_line": 51, "executed_branches": [], "missing_branches": []}, "TransportRateLimited": {"executed_lines": [59, 60], "summary": {"covered_lines": 2, "num_statements": 2, "percent_covered": 100.0, "percent_covered_display": "100", "missing_lines": 0, "excluded_lines": 0, "percent_statements_covered": 100.0, "percent_statements_covered_display": "100", "num_branches": 0, "num_partial_branches": 0, "covered_branches": 0, "missing_branches": 0, "percent_branches_covered": 100.0, "percent_branches_covered_display": "100"}, "missing_lines": [], "excluded_lines": [], "start_line": 55, "executed_branches": [], "missing_branches": []}, "TransportAuthError": {"executed_lines": [], "summary": {"covered_lines": 0, "num_statements": 0, "percent_covered": 100.0, "percent_covered_display": "100", "missing_lines": 0, "excluded_lines": 0, "percent_statements_covered": 100.0, "percent_statements_covered_display": "100", "num_branches": 0, "num_partial_branches": 0, "covered_branches": 0, "missing_branches": 0, "percent_branches_covered": 100.0, "percent_branches_covered_display": "100"}, "missing_lines": [], "excluded_lines": [], "start_line": 63, "executed_branches": [], "missing_branches": []}, "TransportSchemaError": {"executed_lines": [], "summary": {"covered_lines": 0, "num_statements": 0, "percent_covered": 100.0, "percent_covered_display": "100", "missing_lines": 0, "excluded_lines": 0, "percent_statements_covered": 100.0, "percent_statements_covered_display": "100", "num_branches": 0, "num_partial_branches": 0, "covered_branches": 0, "missing_branches": 0, "percent_branches_covered": 100.0, "percent_branches_covered_display": "100"}, "missing_lines": [], "excluded_lines": [], "start_line": 67, "executed_branches": [], "missing_branches": []}, "HttpResponse": {"executed_lines": [99, 103, 107, 108, 109, 110, 111, 122, 123, 124, 125], "summary": {"covered_lines": 11, "num_statements": 13, "percent_covered": 86.66666666666667, "percent_covered_display": "87", "missing_lines": 2, "excluded_lines": 0, "percent_statements_covered": 84.61538461538461, "percent_statements_covered_display": "85", "num_branches": 2, "num_partial_branches": 0, "covered_branches": 2, "missing_branches": 0, "percent_branches_covered": 100.0, "percent_branches_covered_display": "100"}, "missing_lines": [112, 113], "excluded_lines": [], "start_line": 87, "executed_branches": [[108, 109], [108, 110]], "missing_branches": []}, "Transport": {"executed_lines": [], "summary": {"covered_lines": 0, "num_statements": 0, "percent_covered": 100.0, "percent_covered_display": "100", "missing_lines": 0, "excluded_lines": 0, "percent_statements_covered": 100.0, "percent_statements_covered_display": "100", "num_branches": 0, "num_partial_branches": 0, "covered_branches": 0, "missing_branches": 0, "percent_branches_covered": 100.0, "percent_branches_covered_display": "100"}, "missing_lines": [], "excluded_lines": [], "start_line": 130, "executed_branches": [], "missing_branches": []}, "HttpxTransport": {"executed_lines": [], "summary": {"covered_lines": 0, "num_statements": 11, "percent_covered": 0.0, "percent_covered_display": "0", "missing_lines": 11, "excluded_lines": 0, "percent_statements_covered": 0.0, "percent_statements_covered_display": "0", "num_branches": 0, "num_partial_branches": 0, "covered_branches": 0, "missing_branches": 0, "percent_branches_covered": 100.0, "percent_branches_covered_display": "100"}, "missing_lines": [148, 149, 160, 161, 162, 169, 170, 171, 172, 173, 174], "excluded_lines": [], "start_line": 144, "executed_branches": [], "missing_branches": []}, "FixtureTransport": {"executed_lines": [198, 199, 200, 204, 218, 219, 220, 221, 222], "summary": {"covered_lines": 9, "num_statements": 10, "percent_covered": 90.0, "percent_covered_display": "90", "missing_lines": 1, "excluded_lines": 0, "percent_statements_covered": 90.0, "percent_statements_covered_display": "90", "num_branches": 0, "num_partial_branches": 0, "covered_branches": 0, "missing_branches": 0, "percent_branches_covered": 100.0, "percent_branches_covered_display": "100"}, "missing_lines": [207], "excluded_lines": [], "start_line": 184, "executed_branches": [], "missing_branches": []}, "RetryPolicy": {"executed_lines": [238, 239, 240, 242, 243, 247, 248, 249], "summary": {"covered_lines": 8, "num_statements": 9, "percent_covered": 86.66666666666667, "percent_covered_display": "87", "missing_lines": 1, "excluded_lines": 0, "percent_statements_covered": 88.88888888888889, "percent_statements_covered_display": "89", "num_branches": 6, "num_partial_branches": 1, "covered_branches": 5, "missing_branches": 1, "percent_branches_covered": 83.33333333333333, "percent_branches_covered_display": "83"}, "missing_lines": [241], "excluded_lines": [], "start_line": 229, "executed_branches": [[238, 239], [238, 240], [240, 242], [242, -237], [242, 243]], "missing_branches": [[240, 241]]}, "RestClient": {"executed_lines": [272, 273, 274, 276, 277, 278, 279, 286, 287, 289, 290, 291, 292, 295, 296, 300, 301, 309, 311, 312, 314, 316, 317], "summary": {"covered_lines": 23, "num_statements": 24, "percent_covered": 92.5, "percent_covered_display": "92", "missing_lines": 1, "excluded_lines": 0, "percent_statements_covered": 95.83333333333333, "percent_statements_covered_display": "96", "num_branches": 16, "num_partial_branches": 2, "covered_branches": 14, "missing_branches": 2, "percent_branches_covered": 87.5, "percent_branches_covered_display": "88"}, "missing_lines": [305], "excluded_lines": [], "start_line": 253, "executed_branches": [[273, 274], [277, 278], [277, 316], [289, 290], [289, 291], [291, 292], [291, 295], [295, 296], [295, 300], [300, 301], [309, 277], [309, 311], [311, 312], [311, 314]], "missing_branches": [[273, 276], [300, 305]]}, "": {"executed_lines": [18, 20, 21, 22, 23, 24, 25, 26, 27, 28, 30, 32, 43, 47, 51, 55, 58, 63, 67, 71, 77, 78, 79, 80, 81, 82, 83, 86, 87, 90, 91, 92, 93, 94, 95, 97, 98, 101, 102, 105, 106, 115, 130, 133, 144, 147, 151, 184, 192, 202, 203, 206, 209, 228, 229, 232, 233, 234, 235, 237, 245, 252, 253, 256, 257, 258, 259, 260, 261, 262, 264], "summary": {"covered_lines": 71, "num_statements": 71, "percent_covered": 98.73417721518987, "percent_covered_display": "99", "missing_lines": 0, "excluded_lines": 0, "percent_statements_covered": 100.0, "percent_statements_covered_display": "100", "num_branches": 8, "num_partial_branches": 1, "covered_branches": 7, "missing_branches": 1, "percent_branches_covered": 87.5, "percent_branches_covered_display": "88"}, "missing_lines": [], "excluded_lines": [], "start_line": 1, "executed_branches": [[77, 78], [77, 79], [80, 81], [80, 83], [81, 80], [81, 82], [133, -130]], "missing_branches": [[133, -133]]}}}, "src\\tradeup\\adapters\\manual.py": {"executed_lines": [23, 25, 26, 28, 29, 30, 32, 41, 48, 50, 51, 52, 53, 54, 56, 57, 59, 61, 62, 69, 72, 74, 79, 83, 86, 87, 97, 100, 101, 111, 119, 121, 122, 123, 124, 126, 127, 131, 134, 136, 139, 141, 142, 145, 160, 161, 171, 173], "summary": {"covered_lines": 48, "num_statements": 50, "percent_covered": 96.0, "percent_covered_display": "96", "missing_lines": 2, "excluded_lines": 0, "percent_statements_covered": 96.0, "percent_statements_covered_display": "96", "num_branches": 0, "num_partial_branches": 0, "covered_branches": 0, "missing_branches": 0, "percent_branches_covered": 100.0, "percent_branches_covered_display": "100"}, "missing_lines": [77, 80], "excluded_lines": [], "executed_branches": [], "missing_branches": [], "functions": {"ManualLinkAdapter.__init__": {"executed_lines": [51, 52, 53, 54], "summary": {"covered_lines": 4, "num_statements": 4, "percent_covered": 100.0, "percent_covered_display": "100", "missing_lines": 0, "excluded_lines": 0, "percent_statements_covered": 100.0, "percent_statements_covered_display": "100", "num_branches": 0, "num_partial_branches": 0, "covered_branches": 0, "missing_branches": 0, "percent_branches_covered": 100.0, "percent_branches_covered_display": "100"}, "missing_lines": [], "excluded_lines": [], "start_line": 50, "executed_branches": [], "missing_branches": []}, "ManualLinkAdapter.browse_url": {"executed_lines": [59], "summary": {"covered_lines": 1, "num_statements": 1, "percent_covered": 100.0, "percent_covered_display": "100", "missing_lines": 0, "excluded_lines": 0, "percent_statements_covered": 100.0, "percent_statements_covered_display": "100", "num_branches": 0, "num_partial_branches": 0, "covered_branches": 0, "missing_branches": 0, "percent_branches_covered": 100.0, "percent_branches_covered_display": "100"}, "missing_line
[...]
ssing_branches": []}, "PartialFillModel.__init__": {"executed_lines": [100, 101], "summary": {"covered_lines": 2, "num_statements": 2, "percent_covered": 100.0, "percent_covered_display": "100", "missing_lines": 0, "excluded_lines": 0, "percent_statements_covered": 100.0, "percent_statements_covered_display": "100", "num_branches": 0, "num_partial_branches": 0, "covered_branches": 0, "missing_branches": 0, "percent_branches_covered": 100.0, "percent_branches_covered_display": "100"}, "missing_lines": [], "excluded_lines": [], "start_line": 94, "executed_branches": [], "missing_branches": []}, "PartialFillModel.policy": {"executed_lines": [], "summary": {"covered_lines": 0, "num_statements": 1, "percent_covered": 0.0, "percent_covered_display": "0", "missing_lines": 1, "excluded_lines": 0, "percent_statements_covered": 0.0, "percent_statements_covered_display": "0", "num_branches": 0, "num_partial_branches": 0, "covered_branches": 0, "missing_branches": 0, "percent_branches_covered": 100.0, "percent_branches_covered_display": "100"}, "missing_lines": [105], "excluded_lines": [], "start_line": 104, "executed_branches": [], "missing_branches": []}, "PartialFillModel.survival_probability": {"executed_lines": [113, 114, 116, 117, 118, 120, 121, 122, 124, 125], "summary": {"covered_lines": 10, "num_statements": 10, "percent_covered": 91.66666666666667, "percent_covered_display": "92", "missing_lines": 0, "excluded_lines": 0, "percent_statements_covered": 100.0, "percent_statements_covered_display": "100", "num_branches": 2, "num_partial_branches": 1, "covered_branches": 1, "missing_branches": 1, "percent_branches_covered": 50.0, "percent_branches_covered_display": "50"}, "missing_lines": [], "excluded_lines": [], "start_line": 107, "executed_branches": [[121, 122]], "missing_branches": [[121, 124]]}, "PartialFillModel.assess": {"executed_lines": [139, 140, 142, 143, 147, 149, 150, 151, 152, 153, 155, 156, 157, 158, 159, 161, 171, 172, 174, 175, 177, 178], "summary": {"covered_lines": 22, "num_statements": 22, "percent_covered": 100.0, "percent_covered_display": "100", "missing_lines": 0, "excluded_lines": 0, "percent_statements_covered": 100.0, "percent_statements_covered_display": "100", "num_branches": 4, "num_partial_branches": 0, "covered_branches": 4, "missing_branches": 0, "percent_branches_covered": 100.0, "percent_branches_covered_display": "100"}, "missing_lines": [], "excluded_lines": [], "start_line": 127, "executed_branches": [[139, 140], [139, 142], [155, 156], [155, 177]], "missing_branches": []}, "PartialFillModel.bundle_cost": {"executed_lines": [], "summary": {"covered_lines": 0, "num_statements": 1, "percent_covered": 0.0, "percent_covered_display": "0", "missing_lines": 1, "excluded_lines": 0, "percent_statements_covered": 0.0, "percent_statements_covered_display": "0", "num_branches": 0, "num_partial_branches": 0, "covered_branches": 0, "missing_branches": 0, "percent_branches_covered": 100.0, "percent_branches_covered_display": "100"}, "missing_lines": [188], "excluded_lines": [], "start_line": 187, "executed_branches": [], "missing_branches": []}, "": {"executed_lines": [17, 19, 20, 21, 22, 24, 25, 26, 28, 36, 37, 41, 43, 45, 48, 50, 61, 62, 65, 66, 67, 68, 70, 71, 72, 75, 76, 79, 80, 81, 82, 83, 84, 86, 87, 91, 94, 103, 104, 107, 127, 187], "summary": {"covered_lines": 42, "num_statements": 42, "percent_covered": 100.0, "percent_covered_display": "100", "missing_lines": 0, "excluded_lines": 0, "percent_statements_covered": 100.0, "percent_statements_covered_display": "100", "num_branches": 0, "num_partial_branches": 0, "covered_branches": 0, "missing_branches": 0, "percent_branches_covered": 100.0, "percent_branches_covered_display": "100"}, "missing_lines": [], "excluded_lines": [], "start_line": 1, "executed_branches": [], "missing_branches": []}}, "classes": {"PartialFillPolicy": {"executed_lines": [51, 52, 53, 54, 55, 56, 57, 58], "summary": {"covered_lines": 8, "num_statements": 8, "percent_covered": 100.0, "percent_covered_display": "100", "missing_lines": 0, "excluded_lines": 0, "percent_statements_covered": 100.0, "percent_statements_covered_display": "100", "num_branches": 8, "num_partial_branches": 0, "covered_branches": 8, "missing_branches": 0, "percent_branches_covered": 100.0, "percent_branches_covered_display": "100"}, "missing_lines": [], "excluded_lines": [], "start_line": 37, "executed_branches": [[51, 52], [51, 55], [53, 51], [53, 54], [55, 56], [55, 57], [57, -50], [57, 58]], "missing_branches": []}, "FailurePoint": {"executed_lines": [], "summary": {"covered_lines": 0, "num_statements": 0, "percent_covered": 100.0, "percent_covered_display": "100", "missing_lines": 0, "excluded_lines": 0, "percent_statements_covered": 100.0, "percent_statements_covered_display": "100", "num_branches": 0, "num_partial_branches": 0, "covered_branches": 0, "missing_branches": 0, "percent_branches_covered": 100.0, "percent_branches_covered_display": "100"}, "missing_lines": [], "excluded_lines": [], "start_line": 62, "executed_branches": [], "missing_branches": []}, "PartialFillAssessment": {"executed_lines": [], "summary": {"covered_lines": 0, "num_statements": 1, "percent_covered": 0.0, "percent_covered_display": "0", "missing_lines": 1, "excluded_lines": 0, "percent_statements_covered": 0.0, "percent_statements_covered_display": "0", "num_branches": 0, "num_partial_branches": 0, "covered_branches": 0, "missing_branches": 0, "percent_branches_covered": 100.0, "percent_branches_covered_display": "100"}, "missing_lines": [88], "excluded_lines": [], "start_line": 76, "executed_branches": [], "missing_branches": []}, "PartialFillModel": {"executed_lines": [100, 101, 113, 114, 116, 117, 118, 120, 121, 122, 124, 125, 139, 140, 142, 143, 147, 149, 150, 151, 152, 153, 155, 156, 157, 158, 159, 161, 171, 172, 174, 175, 177, 178], "summary": {"covered_lines": 34, "num_statements": 36, "percent_covered": 92.85714285714286, "percent_covered_display": "93", "missing_lines": 2, "excluded_lines": 0, "percent_statements_covered": 94.44444444444444, "percent_statements_covered_display": "94", "num_branches": 6, "num_partial_branches": 1, "covered_branches": 5, "missing_branches": 1, "percent_branches_covered": 83.33333333333333, "percent_branches_covered_display": "83"}, "missing_lines": [105, 188], "excluded_lines": [], "start_line": 91, "executed_branches": [[121, 122], [139, 140], [139, 142], [155, 156], [155, 177]], "missing_branches": [[121, 124]]}, "": {"executed_lines": [17, 19, 20, 21, 22, 24, 25, 26, 28, 36, 37, 41, 43, 45, 48, 50, 61, 62, 65, 66, 67, 68, 70, 71, 72, 75, 76, 79, 80, 81, 82, 83, 84, 86, 87, 91, 94, 103, 104, 107, 127, 187], "summary": {"covered_lines": 42, "num_statements": 42, "percent_covered": 100.0, "percent_covered_display": "100", "missing_lines": 0, "excluded_lines": 0, "percent_statements_covered": 100.0, "percent_statements_covered_display": "100", "num_branches": 0, "num_partial_branches": 0, "covered_branches": 0, "missing_branches": 0, "percent_branches_covered": 100.0, "percent_branches_covered_display": "100"}, "missing_lines": [], "excluded_lines": [], "start_line": 1, "executed_branches": [], "missing_branches": []}}}, "src\\tradeup\\valuation\\settlement.py": {"executed_lines": [23, 25, 26, 27, 28, 30, 31, 36, 37, 39, 47, 48, 52, 54, 56, 58, 60, 61, 63, 64, 66, 69, 70, 74, 76, 78, 80, 82, 85, 86, 89, 90, 93, 94, 96, 98, 99, 101, 103, 113, 114, 115, 118, 126, 134, 135, 136, 137, 139, 141, 142, 143, 147, 148, 149, 150, 154, 155, 160, 161, 165, 166, 167, 175, 176, 179, 182, 183, 184, 187, 196, 199, 202, 205, 206, 207, 210, 211, 212, 213], "summary": {"covered_lines": 80, "num_statements": 80, "percent_covered": 100.0, "percent_covered_display": "100", "missing_lines": 0, "excluded_lines": 0, "percent_statements_covered": 100.0, "percent_statements_covered_display": "100", "num_branches": 10, "num_partial_branches": 0, "covered_branches": 10, "missing_branches": 0, "percent_branches_covered": 100.0, "percent_branches_covered_display": "100"}, "missing_lines": [], "excluded_lines": [], "executed_branches": [[113, 114], [113, 115], [142, 143], [142, 147], [147, 148], [147, 149], [149, 150], [149, 154], [154, 155], [154, 160]], "missing_branches": [], "functions": {"FundingLeg.total_crypto_outlay": {"executed_lines": [66], "summary": {"covered_lines": 1, "num_statements": 1, "percent_covered": 100.0, "percent_covered_display": "100", "missing_lines": 0, "excluded_lines": 0, "percent_statements_covered": 100.0, "percent_statements_covered_display": "100", "num_branches": 0, "num_partial_branches": 0, "covered_branches": 0, "missing_branches": 0, "percent_branches_covered": 100.0, "percent_branches_covered_display": "100"}, "missing_lines": [], "excluded_lines": [], "start_line": 64, "executed_branches": [], "missing_branches": []}, "SettlementPlan.drag_ratio": {"executed_lines": [101], "summary": {"covered_lines": 1, "num_statements": 1, "percent_covered": 100.0, "percent_covered_display": "100", "missing_lines": 0, "excluded_lines": 0, "percent_statements_covered": 100.0, "percent_statements_covered_display": "100", "num_branches": 0, "num_partial_branches": 0, "covered_branches": 0, "missing_branches": 0, "percent_branches_covered": 100.0, "percent_branches_covered_display": "100"}, "missing_lines": [], "excluded_lines": [], "start_line": 99, "executed_branches": [], "missing_branches": []}, "SettlementPlan.per_contract_charge_rate": {"executed_lines": [113, 114, 115], "summary": {"covered_lines": 3, "num_statements": 3, "percent_covered": 100.0, "percent_covered_display": "100", "missing_lines": 0, "excluded_lines": 0, "percent_statements_covered": 100.0, "percent_statements_covered_display": "100", "num_branches": 2, "num_partial_branches": 0, "covered_branches": 2, "missing_branches": 0, "percent_branches_covered": 100.0, "percent_branches_covered_display": "100"}, "missing_lines": [], "excluded_lines": [], "start_line": 103, "executed_branches": [[113, 114], [113, 115]], "missing_branches": []}, "CryptoSettlementPlanner.__init__": {"executed_lines": [134, 135, 136, 137], "summary": {"covered_lines": 4, "num_statements": 4, "percent_covered": 100.0, "percent_covered_display": "100", "missing_lines": 0, "excluded_lines": 0, "percent_statements_covered": 100.0, "percent_statements_covered_display": "100", "num_branches": 0, "num_partial_branches": 0, "covered_branches": 0, "missing_branches": 0, "percent_branches_covered": 100.0, "percent_branches_covered_display": "100"}, "missing_lines": [], "excluded_lines": [], "start_line": 126, "executed_branches": [], "missing_branches": []}, "CryptoSettlementPlanner.plan": {"executed_lines": [141, 142, 143, 147, 148, 149, 150, 154, 155, 160, 161, 165, 166, 167], "summary": {"covered_lines": 14, "num_statements": 14, "percent_covered": 100.0, "percent_covered_display": "100", "missing_lines": 0, "excluded_lines": 0, "percent_statements_covered": 100.0, "percent_statements_covered_display": "100", "num_branches": 8, "num_partial_branches": 0, "covered_branches": 8, "missing_branches": 0, "percent_branches_covered": 100.0, "percent_branches_covered_display": "100"}, "missing_lines": [], "excluded_lines": [], "start_line": 139, "executed_branches": [[142, 143], [142, 147], [147, 148], [147, 149], [149, 150], [149, 154], [154, 155], [154, 160]], "missing_branches": []}, "CryptoSettlementPlanner._funding_leg": {"executed_lines": [176, 179, 182, 183, 184, 187], "summary": {"covered_lines": 6, "num_statements": 6, "percent_covered": 100.0, "percent_covered_display": "100", "missing_lines": 0, "excluded_lines": 0, "percent_statements_covered": 100.0, "percent_statements_covered_display": "100", "num_branches": 0, "num_partial_branches": 0, "covered_branches": 0, "missing_branches": 0, "percent_branches_covered": 100.0, "percent_branches_covered_display": "100"}, "missing_lines": [], "excluded_lines": [], "start_line": 175, "executed_branches": [], "missing_branches": []}, "CryptoSettlementPlanner._withdrawal_leg": {"executed_lines": [199, 202, 205, 206, 207, 210, 211, 212, 213], "summary": {"covered_lines": 9, "num_statements": 9, "percent_covered": 100.0, "percent_covered_display": "100", "missing_lines": 0, "excluded_lines": 0, "percent_statements_covered": 100.0, "percent_statements_covered_display": "100", "num_branches": 0, "num_partial_branches": 0, "covered_branches": 0, "missing_branches": 0, "percent_branches_covered": 100.0, "percent_branches_covered_display": "100"}, "missing_lines": [], "excluded_lines": [], "start_line": 196, "executed_branches": [], "missing_branches": []}, "": {"executed_lines": [23, 25, 26, 27, 28, 30, 31, 36, 37, 39, 47, 48, 52, 54, 56, 58, 60, 61, 63, 64, 69, 70, 74, 76, 78, 80, 82, 85, 86, 89, 90, 93, 94, 96, 98, 99, 103, 118, 126, 139, 175, 196], "summary": {"covered_lines": 42, "num_statements": 42, "percent_covered": 100.0, "percent_covered_display": "100", "missing_lines": 0, "excluded_lines": 0, "percent_statements_covered": 100.0, "percent_statements_covered_display": "100", "num_branches": 0, "num_partial_branches": 0, "covered_branches": 0, "missing_branches": 0, "percent_branches_covered": 100.0, "percent_branches_covered_display": "100"}, "missing_lines": [], "excluded_lines": [], "start_line": 1, "executed_branches": [], "missing_branches": []}}, "classes": {"FundingLeg": {"executed_lines": [66], "summary": {"covered_lines": 1, "num_statements": 1, "percent_covered": 100.0, "percent_covered_display": "100", "missing_lines": 0, "excluded_lines": 0, "percent_statements_covered": 100.0, "percent_statements_covered_display": "100", "num_branches": 0, "num_partial_branches": 0, "covered_branches": 0, "missing_branches": 0, "percent_branches_covered": 100.0, "percent_branches_covered_display": "100"}, "missing_lines": [], "excluded_lines": [], "start_line": 48, "executed_branches": [], "missing_branches": []}, "WithdrawalLeg": {"executed_lines": [], "summary": {"covered_lines": 0, "num_statements": 0, "percent_covered": 100.0, "percent_covered_display": "100", "missing_lines": 0, "excluded_lines": 0, "percent_statements_covered": 100.0, "percent_statements_covered_display": "100", "num_branches": 0, "num_partial_branches": 0, "covered_branches": 0, "missing_branches": 0, "percent_branches_covered": 100.0, "percent_branches_covered_display": "100"}, "missing_lines": [], "excluded_lines": [], "start_line": 70, "executed_branches": [], "missing_branches": []}, "SettlementPlan": {"executed_lines": [101, 113, 114, 115], "summary": {"covered_lines": 4, "num_statements": 4, "percent_covered": 100.0, "percent_covered_display": "100", "missing_lines": 0, "excluded_lines": 0, "percent_statements_covered": 100.0, "percent_statements_covered_display": "100", "num_branches": 2, "num_partial_branches": 0, "covered_branches": 2, "missing_branches": 0, "percent_branches_covered": 100.0, "percent_branches_covered_display": "100"}, "missing_lines": [], "excluded_lines": [], "start_line": 90, "executed_branches": [[113, 114], [113, 115]], "missing_branches": []}, "CryptoSettlementPlanner": {"executed_lines": [134, 135, 136, 137, 141, 142, 143, 147, 148, 149, 150, 154, 155, 160, 161, 165, 166, 167, 176, 179, 182, 183, 184, 187, 199, 202, 205, 206, 207, 210, 211, 212, 213], "summary": {"covered_lines": 33, "num_statements": 33, "percent_covered": 100.0, "percent_covered_display": "100", "missing_lines": 0, "excluded_lines": 0, "percent_statements_covered": 100.0, "percent_statements_covered_display": "100", "num_branches": 8, "num_partial_branches": 0, "covered_branches": 8, "missing_branches": 0, "percent_branches_covered": 100.0, "percent_branches_covered_display": "100"}, "missing_lines": [], "excluded_lines": [], "start_line": 118, "executed_branches": [[142, 143], [142, 147], [147, 148], [147, 149], [149, 150], [149, 154], [154, 155], [154, 160]], "missing_branches": []}, "": {"executed_lines": [23, 25, 26, 27, 28, 30, 31, 36, 37, 39, 47, 48, 52, 54, 56, 58, 60, 61, 63, 64, 69, 70, 74, 76, 78, 80, 82, 85, 86, 89, 90, 93, 94, 96, 98, 99, 103, 118, 126, 139, 175, 196], "summary": {"covered_lines": 42, "num_statements": 42, "percent_covered": 100.0, "percent_covered_display": "100", "missing_lines": 0, "excluded_lines": 0, "percent_statements_covered": 100.0, "percent_statements_covered_display": "100", "num_branches": 0, "num_partial_branches": 0, "covered_branches": 0, "missing_branches": 0, "percent_branches_covered": 100.0, "percent_branches_covered_display": "100"}, "missing_lines": [], "excluded_lines": [], "start_line": 1, "executed_branches": [], "missing_branches": []}}}, "src\\tradeup\\valuation\\venue_fees.py": {"executed_lines": [15, 17, 18, 20, 21, 23, 25, 27, 33, 40, 47, 54, 69, 71], "summary": {"covered_lines": 14, "num_statements": 14, "percent_covered": 100.0, "percent_covered_display": "100", "missing_lines": 0, "excluded_lines": 0, "percent_statements_covered": 100.0, "percent_statements_covered_display": "100", "num_branches": 0, "num_partial_branches": 0, "covered_branches": 0, "missing_branches": 0, "percent_branches_covered": 100.0, "percent_branches_covered_display": "100"}, "missing_lines": [], "excluded_lines": [], "executed_branches": [], "missing_branches": [], "functions": {"_rule": {"executed_lines": [54], "summary": {"covered_lines": 1, "num_statements": 1, "percent_covered": 100.0, "percent_covered_display": "100", "missing_lines": 0, "excluded_lines": 0, "percent_statements_covered": 100.0, "percent_statements_covered_display": "100", "num_branches": 0, "num_partial_branches": 0, "covered_branches": 0, "missing_branches": 0, "percent_branches_covered": 100.0, "percent_branches_covered_display": "100"}, "missing_lines": [], "excluded_lines": [], "start_line": 47, "executed_branches": [], "missing_branches": []}, "build_live_fee_schedule": {"executed_lines": [71], "summary": {"covered_lines": 1, "num_statements": 1, "percent_covered": 100.0, "percent_covered_display": "100", "missing_lines": 0, "excluded_lines": 0, "percent_statements_covered": 100.0, "percent_statements_covered_display": "100", "num_branches": 0, "num_partial_branches": 0, "covered_branches": 0, "missing_branches": 0, "percent_branches_covered": 100.0, "percent_branches_covered_display": "100"}, "missing_lines": [], "excluded_lines": [], "start_line": 69, "executed_branches": [], "missing_branches": []}, "": {"executed_lines": [15, 17, 18, 20, 21, 23, 25, 27, 33, 40, 47, 69], "summary": {"covered_lines": 12, "num_statements": 12, "percent_covered": 100.0, "percent_covered_display": "100", "missing_lines": 0, "excluded_lines": 0, "percent_statements_covered": 100.0, "percent_statements_covered_display": "100", "num_branches": 0, "num_partial_branches": 0, "covered_branches": 0, "missing_branches": 0, "percent_branches_covered": 100.0, "percent_branches_covered_display": "100"}, "missing_lines": [], "excluded_lines": [], "start_line": 1, "executed_branches": [], "missing_branches": []}}, "classes": {"": {"executed_lines": [15, 17, 18, 20, 21, 23, 25, 27, 33, 40, 47, 54, 69, 71], "summary": {"covered_lines": 14, "num_statements": 14, "percent_covered": 100.0, "percent_covered_display": "100", "missing_lines": 0, "excluded_lines": 0, "percent_statements_covered": 100.0, "percent_statements_covered_display": "100", "num_branches": 0, "num_partial_branches": 0, "covered_branches": 0, "missing_branches": 0, "percent_branches_covered": 100.0, "percent_branches_covered_display": "100"}, "missing_lines": [], "excluded_lines": [], "start_line": 1, "executed_branches": [], "missing_branches": []}}}}, "totals": {"covered_lines": 4654, "num_statements": 5296, "percent_covered": 85.48732050106936, "percent_covered_display": "85", "missing_lines": 642, "excluded_lines": 3, "percent_statements_covered": 87.87764350453172, "percent_statements_covered_display": "88", "num_branches": 1250, "num_partial_branches": 184, "covered_branches": 942, "missing_branches": 308, "percent_branches_covered": 75.36, "percent_branches_covered_display": "75"}}